18:51:43: Creating resource group General
18:51:43: Creating resource group Internal
18:51:43: Creating resource group Autodetect
18:51:43: SceneManagerFactory for type 'DefaultSceneManager' registered.
18:51:43: Registering ResourceManager for type Material
18:51:43: Registering ResourceManager for type Mesh
18:51:43: Registering ResourceManager for type Skeleton
18:51:43: MovableObjectFactory for type 'ParticleSystem' registered.
18:51:43: OverlayElementFactory for type Panel registered.
18:51:43: OverlayElementFactory for type BorderPanel registered.
18:51:43: OverlayElementFactory for type TextArea registered.
18:51:43: Registering ResourceManager for type Font
18:51:43: ArchiveFactory for archive type FileSystem registered.
18:51:43: ArchiveFactory for archive type Zip registered.
18:51:43: DDS codec registering
18:51:43: FreeImage version: 3.15.1
18:51:43: This program uses FreeImage, a free, open source image library supporting all common bitmap formats. See http://freeimage.sourceforge.net for details
18:51:43: Supported formats: bmp,ico,jpg,jif,jpeg,jpe,jng,koa,iff,lbm,mng,pbm,pbm,pcd,pcx,pgm,pgm,png,ppm,ppm,ras,tga,targa,tif,tiff,wap,wbmp,wbm,psd,cut,xbm,xpm,gif,hdr,g3,sgi,exr,j2k,j2c,jp2,pfm,pct,pict,pic,3fr,arw,bay,bmq,cap,cine,cr2,crw,cs1,dc2,dcr,drf,dsc,dng,erf,fff,ia,iiq,k25,kc2,kdc,mdc,mef,mos,mrw,nef,nrw,orf,pef,ptx,pxn,qtk,raf,raw,rdc,rw2,rwl,rwz,sr2,srf,sti
18:51:43: Registering ResourceManager for type HighLevelGpuProgram
18:51:43: Registering ResourceManager for type Compositor
18:51:43: MovableObjectFactory for type 'Entity' registered.
18:51:43: MovableObjectFactory for type 'Light' registered.
18:51:43: MovableObjectFactory for type 'BillboardSet' registered.
18:51:43: MovableObjectFactory for type 'ManualObject' registered.
18:51:43: MovableObjectFactory for type 'BillboardChain' registered.
18:51:43: MovableObjectFactory for type 'RibbonTrail' registered.
18:51:43: *-*-* OGRE Initialising
18:51:43: *-*-* Version 1.7.4 (Cthugha)
18:51:43: Loading library /usr/lib/x86_64-linux-gnu/OGRE-1.7.4/RenderSystem_GL
18:51:44: Installing plugin: GL RenderSystem
18:51:44: OpenGL Rendering Subsystem created.
18:51:44: Plugin successfully installed
18:51:44: Loading library /usr/lib/x86_64-linux-gnu/OGRE-1.7.4/Plugin_OctreeSceneManager
18:51:44: Installing plugin: Octree & Terrain Scene Manager
18:51:44: Plugin successfully installed
18:51:44: Loading library /usr/lib/x86_64-linux-gnu/OGRE-1.7.4/Plugin_ParticleFX
18:51:44: Installing plugin: ParticleFX
18:51:44: Particle Emitter Type 'Point' registered
18:51:44: Particle Emitter Type 'Box' registered
18:51:44: Particle Emitter Type 'Ellipsoid' registered
18:51:44: Particle Emitter Type 'Cylinder' registered
18:51:44: Particle Emitter Type 'Ring' registered
18:51:44: Particle Emitter Type 'HollowEllipsoid' registered
18:51:44: Particle Affector Type 'LinearForce' registered
18:51:44: Particle Affector Type 'ColourFader' registered
18:51:44: Particle Affector Type 'ColourFader2' registered
18:51:44: Particle Affector Type 'ColourImage' registered
18:51:44: Particle Affector Type 'ColourInterpolator' registered
18:51:44: Particle Affector Type 'Scaler' registered
18:51:44: Particle Affector Type 'Rotator' registered
18:51:44: Particle Affector Type 'DirectionRandomiser' registered
18:51:44: Particle Affector Type 'DeflectorPlane' registered
18:51:44: Plugin successfully installed
18:51:44: CPU Identifier & Features
18:51:44: -------------------------
18:51:44:  *   CPU ID: GenuineIntel: Intel(R) Core(TM) i5-3230M CPU @ 2.60GHz
18:51:44:  *      SSE: yes
18:51:44:  *     SSE2: yes
18:51:44:  *     SSE3: yes
18:51:44:  *      MMX: yes
18:51:44:  *   MMXEXT: yes
18:51:44:  *    3DNOW: no
18:51:44:  * 3DNOWEXT: no
18:51:44:  *     CMOV: yes
18:51:44:  *      TSC: yes
18:51:44:  *      FPU: yes
18:51:44:  *      PRO: yes
18:51:44:  *       HT: no
18:51:44: -------------------------
18:51:44: ******************************
*** Starting GLX Subsystem ***
******************************
18:51:44: GLRenderSystem::_createRenderWindow "OgreWindow(0)", 1x1 windowed  miscParams: externalGLControl= macAPI=carbon parentWindowHandle=71303169 
18:51:44: GLXWindow::create used FBConfigID = 107
18:51:44: GL_VERSION = 3.0 Mesa 9.1.7
18:51:44: GL_VENDOR = Intel Open Source Technology Center
18:51:44: GL_RENDERER = Mesa DRI Intel(R) Ivybridge Mobile 
18:51:44: GL_EXTENSIONS = GL_ARB_multisample GL_EXT_abgr GL_EXT_bgra GL_EXT_blend_color GL_EXT_blend_minmax GL_EXT_blend_subtract GL_EXT_copy_texture GL_EXT_polygon_offset GL_EXT_subtexture GL_EXT_texture_object GL_EXT_vertex_array GL_EXT_compiled_vertex_array GL_EXT_texture GL_EXT_texture3D GL_IBM_rasterpos_clip GL_ARB_point_parameters GL_EXT_draw_range_elements GL_EXT_packed_pixels GL_EXT_point_parameters GL_EXT_rescale_normal GL_EXT_separate_specular_color GL_EXT_texture_edge_clamp GL_SGIS_generate_mipmap GL_SGIS_texture_border_clamp GL_SGIS_texture_edge_clamp GL_SGIS_texture_lod GL_ARB_framebuffer_sRGB GL_ARB_multitexture GL_EXT_framebuffer_sRGB GL_IBM_multimode_draw_arrays GL_IBM_texture_mirrored_repeat GL_3DFX_texture_compression_FXT1 GL_ARB_texture_cube_map GL_ARB_texture_env_add GL_ARB_transpose_matrix GL_EXT_blend_func_separate GL_EXT_fog_coord GL_EXT_multi_draw_arrays GL_EXT_secondary_color GL_EXT_texture_env_add GL_EXT_texture_filter_anisotropic GL_EXT_texture_lod_bias GL_INGR_blend_func_separate GL_NV_blend_square GL_NV_light_max_exponent GL_NV_texgen_reflection GL_NV_texture_env_combine4 GL_S3_s3tc GL_SUN_multi_draw_arrays GL_ARB_texture_border_clamp GL_ARB_texture_compression GL_EXT_framebuffer_object GL_EXT_texture_compression_s3tc GL_EXT_texture_env_combine GL_EXT_texture_env_dot3 GL_MESA_window_pos GL_NV_packed_depth_stencil GL_NV_texture_rectangle GL_ARB_depth_texture GL_ARB_occlusion_query GL_ARB_shadow GL_ARB_texture_env_combine GL_ARB_texture_env_crossbar GL_ARB_texture_env_dot3 GL_ARB_texture_mirrored_repeat GL_ARB_window_pos GL_ATI_envmap_bumpmap GL_EXT_stencil_two_side GL_EXT_texture_cube_map GL_NV_depth_clamp GL_APPLE_packed_pixels GL_APPLE_vertex_array_object GL_ARB_draw_buffers GL_ARB_fragment_program GL_ARB_fragment_shader GL_ARB_shader_objects GL_ARB_vertex_program GL_ARB_vertex_shader GL_ATI_draw_buffers GL_ATI_texture_env_combine3 GL_ATI_texture_float GL_EXT_shadow_funcs GL_EXT_stencil_wrap GL_MESA_pack_invert GL_MESA_ycbcr_texture GL_NV_primitive_restart GL_ARB_depth_clamp GL_ARB_fragment_program_shadow GL_ARB_half_float_pixel GL_ARB_occlusion_query2 GL_ARB_point_sprite GL_ARB_shading_language_100 GL_ARB_sync GL_ARB_texture_non_power_of_two GL_ARB_vertex_buffer_object GL_ATI_blend_equation_separate GL_EXT_blend_equation_separate GL_OES_read_format GL_ARB_color_buffer_float GL_ARB_pixel_buffer_object GL_ARB_texture_compression_rgtc GL_ARB_texture_float GL_ARB_texture_rectangle GL_EXT_packed_float GL_EXT_pixel_buffer_object GL_EXT_texture_compression_dxt1 GL_EXT_texture_compression_rgtc GL_EXT_texture_rectangle GL_EXT_texture_sRGB GL_EXT_texture_shared_exponent GL_ARB_framebuffer_object GL_EXT_framebuffer_blit GL_EXT_framebuffer_multisample GL_EXT_packed_depth_stencil GL_APPLE_object_purgeable GL_ARB_vertex_array_object GL_ATI_separate_stencil GL_EXT_draw_buffers2 GL_EXT_draw_instanced GL_EXT_gpu_program_parameters GL_EXT_texture_array GL_EXT_texture_integer GL_EXT_texture_sRGB_decode GL_EXT_timer_query GL_OES_EGL_image GL_MESA_texture_array GL_ARB_copy_buffer GL_ARB_depth_buffer_float GL_ARB_draw_instanced GL_ARB_half_float_vertex GL_ARB_instanced_arrays GL_ARB_map_buffer_range GL_ARB_texture_rg GL_ARB_texture_swizzle GL_ARB_vertex_array_bgra GL_EXT_separate_shader_objects GL_EXT_texture_swizzle GL_EXT_vertex_array_bgra GL_NV_conditional_render GL_AMD_draw_buffers_blend GL_ARB_ES2_compatibility GL_ARB_blend_func_extended GL_ARB_debug_output GL_ARB_draw_buffers_blend GL_ARB_draw_elements_base_vertex GL_ARB_explicit_attrib_location GL_ARB_fragment_coord_conventions GL_ARB_provoking_vertex GL_ARB_sampler_objects GL_ARB_seamless_cube_map GL_ARB_shader_texture_lod GL_ARB_texture_cube_map_array GL_ARB_texture_rgb10_a2ui GL_ARB_uniform_buffer_object GL_ARB_vertex_type_2_10_10_10_rev GL_EXT_provoking_vertex GL_EXT_texture_snorm GL_MESA_texture_signed_rgba GL_ARB_get_program_binary GL_ARB_robustness GL_ARB_shader_bit_encoding GL_ARB_timer_query GL_ANGLE_texture_compression_dxt3 GL_ANGLE_texture_compression_dxt5 GL_ARB_internalformat_query GL_ARB_shading_language_packing GL_ARB_texture_storage GL_EXT_transform_feedback GL_ARB_ES3_compatibility GL_ARB_invalidate_subdata 
18:51:44: Supported GLX extensions: GLX_ARB_create_context GLX_ARB_create_context_profile GLX_ARB_get_proc_address GLX_ARB_multisample GLX_EXT_import_context GLX_EXT_visual_info GLX_EXT_visual_rating GLX_EXT_create_context_es2_profile GLX_MESA_copy_sub_buffer GLX_MESA_multithread_makecurrent GLX_MESA_swap_control GLX_OML_swap_method GLX_OML_sync_control GLX_SGI_make_current_read GLX_SGI_swap_control GLX_SGI_video_sync GLX_SGIS_multisample GLX_SGIX_fbconfig GLX_SGIX_pbuffer GLX_SGIX_visual_select_group GLX_EXT_texture_from_pixmap GLX_INTEL_swap_event 
18:51:44: ***************************
18:51:44: *** GL Renderer Started ***
18:51:44: ***************************
18:51:44: Registering ResourceManager for type GpuProgram
18:51:44: GLSL support detected
18:51:44: GL: Using GL_EXT_framebuffer_object for rendering to textures (best)
18:51:44: FBO PF_UNKNOWN depth/stencil support: D0S1 D0S4 D0S8 D0S16 D16S0 D16S1 D16S4 D16S8 D16S16 D24S0 D24S1 D24S4 D24S8 D24S16 D32S0 D32S1 D32S4 D32S8 D32S16 Packed-D24S8 
18:51:44: FBO PF_A8 depth/stencil support: D0S0 D0S1 D0S4 D0S8 D0S16 D16S0 D16S1 D16S4 D16S8 D16S16 D24S0 D24S1 D24S4 D24S8 D24S16 D32S0 D32S1 D32S4 D32S8 D32S16 Packed-D24S8 
18:51:44: FBO PF_R5G6B5 depth/stencil support: D0S0 D0S1 D0S4 D0S8 D0S16 D16S0 D16S1 D16S4 D16S8 D16S16 D24S0 D24S1 D24S4 D24S8 D24S16 D32S0 D32S1 D32S4 D32S8 D32S16 Packed-D24S8 
18:51:44: FBO PF_B5G6R5 depth/stencil support: D0S0 D0S1 D0S4 D0S8 D0S16 D16S0 D16S1 D16S4 D16S8 D16S16 D24S0 D24S1 D24S4 D24S8 D24S16 D32S0 D32S1 D32S4 D32S8 D32S16 Packed-D24S8 
18:51:44: FBO PF_A4R4G4B4 depth/stencil support: D0S0 D0S1 D0S4 D0S8 D0S16 D16S0 D16S1 D16S4 D16S8 D16S16 D24S0 D24S1 D24S4 D24S8 D24S16 D32S0 D32S1 D32S4 D32S8 D32S16 Packed-D24S8 
18:51:44: FBO PF_A1R5G5B5 depth/stencil support: D0S0 D0S1 D0S4 D0S8 D0S16 D16S0 D16S1 D16S4 D16S8 D16S16 D24S0 D24S1 D24S4 D24S8 D24S16 D32S0 D32S1 D32S4 D32S8 D32S16 Packed-D24S8 
18:51:44: FBO PF_R8G8B8 depth/stencil support: D0S0 D0S1 D0S4 D0S8 D0S16 D16S0 D16S1 D16S4 D16S8 D16S16 D24S0 D24S1 D24S4 D24S8 D24S16 D32S0 D32S1 D32S4 D32S8 D32S16 Packed-D24S8 
18:51:44: FBO PF_B8G8R8 depth/stencil support: D0S0 D0S1 D0S4 D0S8 D0S16 D16S0 D16S1 D16S4 D16S8 D16S16 D24S0 D24S1 D24S4 D24S8 D24S16 D32S0 D32S1 D32S4 D32S8 D32S16 Packed-D24S8 
18:51:44: FBO PF_A8R8G8B8 depth/stencil support: D0S0 D0S1 D0S4 D0S8 D0S16 D16S0 D16S1 D16S4 D16S8 D16S16 D24S0 D24S1 D24S4 D24S8 D24S16 D32S0 D32S1 D32S4 D32S8 D32S16 Packed-D24S8 
18:51:44: FBO PF_B8G8R8A8 depth/stencil support: D0S0 D0S1 D0S4 D0S8 D0S16 D16S0 D16S1 D16S4 D16S8 D16S16 D24S0 D24S1 D24S4 D24S8 D24S16 D32S0 D32S1 D32S4 D32S8 D32S16 Packed-D24S8 
18:51:44: FBO PF_A2R10G10B10 depth/stencil support: D0S0 D0S1 D0S4 D0S8 D0S16 D16S0 D16S1 D16S4 D16S8 D16S16 D24S0 D24S1 D24S4 D24S8 D24S16 D32S0 D32S1 D32S4 D32S8 D32S16 Packed-D24S8 
18:51:44: FBO PF_A2B10G10R10 depth/stencil support: D0S0 D0S1 D0S4 D0S8 D0S16 D16S0 D16S1 D16S4 D16S8 D16S16 D24S0 D24S1 D24S4 D24S8 D24S16 D32S0 D32S1 D32S4 D32S8 D32S16 Packed-D24S8 
18:51:44: FBO PF_FLOAT16_RGB depth/stencil support: D0S0 D0S1 D0S4 D0S8 D0S16 D16S0 D16S1 D16S4 D16S8 D16S16 D24S0 D24S1 D24S4 D24S8 D24S16 D32S0 D32S1 D32S4 D32S8 D32S16 Packed-D24S8 
18:51:44: FBO PF_FLOAT16_RGBA depth/stencil support: D0S0 D0S1 D0S4 D0S8 D0S16 D16S0 D16S1 D16S4 D16S8 D16S16 D24S0 D24S1 D24S4 D24S8 D24S16 D32S0 D32S1 D32S4 D32S8 D32S16 Packed-D24S8 
18:51:44: FBO PF_FLOAT32_RGBA depth/stencil support: D0S0 D0S1 D0S4 D0S8 D0S16 D16S0 D16S1 D16S4 D16S8 D16S16 D24S0 D24S1 D24S4 D24S8 D24S16 D32S0 D32S1 D32S4 D32S8 D32S16 Packed-D24S8 
18:51:44: FBO PF_X8R8G8B8 depth/stencil support: D0S0 D0S1 D0S4 D0S8 D0S16 D16S0 D16S1 D16S4 D16S8 D16S16 D24S0 D24S1 D24S4 D24S8 D24S16 D32S0 D32S1 D32S4 D32S8 D32S16 Packed-D24S8 
18:51:44: FBO PF_X8B8G8R8 depth/stencil support: D0S0 D0S1 D0S4 D0S8 D0S16 D16S0 D16S1 D16S4 D16S8 D16S16 D24S0 D24S1 D24S4 D24S8 D24S16 D32S0 D32S1 D32S4 D32S8 D32S16 Packed-D24S8 
18:51:44: FBO PF_SHORT_RGBA depth/stencil support: D0S0 D0S1 D0S4 D0S8 D0S16 D16S0 D16S1 D16S4 D16S8 D16S16 D24S0 D24S1 D24S4 D24S8 D24S16 D32S0 D32S1 D32S4 D32S8 D32S16 Packed-D24S8 
18:51:44: FBO PF_R3G3B2 depth/stencil support: D0S0 D0S1 D0S4 D0S8 D0S16 D16S0 D16S1 D16S4 D16S8 D16S16 D24S0 D24S1 D24S4 D24S8 D24S16 D32S0 D32S1 D32S4 D32S8 D32S16 Packed-D24S8 
18:51:44: FBO PF_FLOAT16_R depth/stencil support: D0S0 D0S1 D0S4 D0S8 D0S16 D16S0 D16S1 D16S4 D16S8 D16S16 D24S0 D24S1 D24S4 D24S8 D24S16 D32S0 D32S1 D32S4 D32S8 D32S16 Packed-D24S8 
18:51:44: FBO PF_FLOAT32_R depth/stencil support: D0S0 D0S1 D0S4 D0S8 D0S16 D16S0 D16S1 D16S4 D16S8 D16S16 D24S0 D24S1 D24S4 D24S8 D24S16 D32S0 D32S1 D32S4 D32S8 D32S16 Packed-D24S8 
18:51:44: FBO PF_SHORT_RGB depth/stencil support: D0S0 D0S1 D0S4 D0S8 D0S16 D16S0 D16S1 D16S4 D16S8 D16S16 D24S0 D24S1 D24S4 D24S8 D24S16 D32S0 D32S1 D32S4 D32S8 D32S16 Packed-D24S8 
18:51:44: [GL] : Valid FBO targets PF_UNKNOWN PF_A8 PF_R5G6B5 PF_B5G6R5 PF_A4R4G4B4 PF_A1R5G5B5 PF_R8G8B8 PF_B8G8R8 PF_A8R8G8B8 PF_B8G8R8A8 PF_A2R10G10B10 PF_A2B10G10R10 PF_FLOAT16_RGB PF_FLOAT16_RGBA PF_FLOAT32_RGBA PF_X8R8G8B8 PF_X8B8G8R8 PF_SHORT_RGBA PF_R3G3B2 PF_FLOAT16_R PF_FLOAT32_R PF_SHORT_RGB 
18:51:44: RenderSystem capabilities
18:51:44: -------------------------
18:51:44: RenderSystem Name: OpenGL Rendering Subsystem
18:51:44: GPU Vendor: intel
18:51:44: Device Name: Mesa DRI Intel(R) Ivybridge Mobile 
18:51:44: Driver Version: 3.0.0.0
18:51:44:  * Fixed function pipeline: yes
18:51:44:  * Hardware generation of mipmaps: no
18:51:44:  * Texture blending: yes
18:51:44:  * Anisotropic texture filtering: yes
18:51:44:  * Dot product texture operation: yes
18:51:44:  * Cube mapping: yes
18:51:44:  * Hardware stencil buffer: yes
18:51:44:    - Stencil depth: 8
18:51:44:    - Two sided stencil support: yes
18:51:44:    - Wrap stencil values: yes
18:51:44:  * Hardware vertex / index buffers: yes
18:51:44:  * Vertex programs: yes
18:51:44:  * Number of floating-point constants for vertex programs: 4096
18:51:44:  * Number of integer constants for vertex programs: 0
18:51:44:  * Number of boolean constants for vertex programs: 0
18:51:44:  * Fragment programs: yes
18:51:44:  * Number of floating-point constants for fragment programs: 4096
18:51:44:  * Number of integer constants for fragment programs: 0
18:51:44:  * Number of boolean constants for fragment programs: 0
18:51:44:  * Geometry programs: no
18:51:44:  * Number of floating-point constants for geometry programs: 0
18:51:44:  * Number of integer constants for geometry programs: 0
18:51:44:  * Number of boolean constants for geometry programs: 0
18:51:44:  * Supported Shader Profiles: arbfp1 arbvp1 glsl
18:51:44:  * Texture Compression: yes
18:51:44:    - DXT: yes
18:51:44:    - VTC: no
18:51:44:    - PVRTC: no
18:51:44:  * Scissor Rectangle: yes
18:51:44:  * Hardware Occlusion Query: yes
18:51:44:  * User clip planes: yes
18:51:44:  * VET_UBYTE4 vertex element type: yes
18:51:44:  * Infinite far plane projection: yes
18:51:44:  * Hardware render-to-texture: yes
18:51:44:  * Floating point textures: yes
18:51:44:  * Non-power-of-two textures: yes
18:51:44:  * Volume textures: yes
18:51:44:  * Multiple Render Targets: 8
18:51:44:    - With different bit depths: yes
18:51:44:  * Point Sprites: yes
18:51:44:  * Extended point parameters: yes
18:51:44:  * Max Point Size: 255
18:51:44:  * Vertex texture fetch: yes
18:51:44:  * Number of world matrices: 0
18:51:44:  * Number of texture units: 16
18:51:44:  * Stencil buffer depth: 8
18:51:44:  * Number of vertex blend matrices: 0
18:51:44:    - Max vertex textures: 16
18:51:44:    - Vertex textures shared: yes
18:51:44:  * Render to Vertex Buffer : no
18:51:44:  * GL 1.5 without VBO workaround: no
18:51:44:  * Frame Buffer objects: yes
18:51:44:  * Frame Buffer objects (ARB extension): no
18:51:44:  * Frame Buffer objects (ATI extension): no
18:51:44:  * PBuffer support: yes
18:51:44:  * GL 1.5 without HW-occlusion workaround: no
18:51:44: Registering ResourceManager for type Texture
18:51:44: DefaultWorkQueue('Root') initialising on thread 0x44a6490.
18:51:44: DefaultWorkQueue('Root')::WorkerFunc - thread 0x44cb670 starting.
18:51:44: DefaultWorkQueue('Root')::WorkerFunc - thread 0x56fcd30 starting.
18:51:44: DefaultWorkQueue('Root')::WorkerFunc - thread 0x56fd1c0 starting.
18:51:44: DefaultWorkQueue('Root')::WorkerFunc - thread 0x5709cd0 starting.
18:51:44: Particle Renderer Type 'billboard' registered
18:51:44: SceneManagerFactory for type 'OctreeSceneManager' registered.
18:51:44: SceneManagerFactory for type 'TerrainSceneManager' registered.
18:51:44: Creating resource group rviz
18:51:44: Added resource location '/opt/ros/hydro/share/rviz/ogre_media' of type 'FileSystem' to resource group 'rviz'
18:51:44: Added resource location '/opt/ros/hydro/share/rviz/ogre_media/textures' of type 'FileSystem' to resource group 'rviz'
18:51:44: Added resource location '/opt/ros/hydro/share/rviz/ogre_media/fonts' of type 'FileSystem' to resource group 'rviz'
18:51:44: Added resource location '/opt/ros/hydro/share/rviz/ogre_media/models' of type 'FileSystem' to resource group 'rviz'
18:51:44: Added resource location '/opt/ros/hydro/share/rviz/ogre_media/materials' of type 'FileSystem' to resource group 'rviz'
18:51:44: Added resource location '/opt/ros/hydro/share/rviz/ogre_media/materials/scripts' of type 'FileSystem' to resource group 'rviz'
18:51:44: Added resource location '/opt/ros/hydro/share/rviz/ogre_media/materials/glsl120' of type 'FileSystem' to resource group 'rviz'
18:51:44: Added resource location '/opt/ros/hydro/share/rviz/ogre_media/materials/glsl120/nogp' of type 'FileSystem' to resource group 'rviz'
18:51:44: Added resource location '/opt/ros/hydro/share/rviz/ogre_media/materials/scripts120' of type 'FileSystem' to resource group 'rviz'
18:51:44: Parsing scripts for resource group Autodetect
18:51:44: Finished parsing scripts for resource group Autodetect
18:51:44: Parsing scripts for resource group General
18:51:44: Finished parsing scripts for resource group General
18:51:44: Parsing scripts for resource group Internal
18:51:44: Finished parsing scripts for resource group Internal
18:51:44: Parsing scripts for resource group rviz
18:51:44: Parsing script glsl120.program
18:51:44: GLSL compiled : rviz/glsl120/include/pack_depth.frag
18:51:44: GLSL compiled : rviz/glsl120/include/circle_impl.frag
18:51:44: GLSL compiled : rviz/glsl120/depth_circle.frag
18:51:44: GLSL compiled : rviz/glsl120/include/pack_depth.frag
18:51:44: GLSL compiled : rviz/glsl120/depth.frag
18:51:44: GLSL compiled : rviz/glsl120/include/pass_depth.vert
18:51:44: GLSL compiled : rviz/glsl120/depth.vert
18:51:44: GLSL compiled : rviz/glsl120/flat_color.frag
18:51:44: GLSL compiled : rviz/glsl120/include/circle_impl.frag
18:51:44: GLSL compiled : rviz/glsl120/flat_color_circle.frag
18:51:44: GLSL compiled : rviz/glsl120/indexed_8bit_image.frag
18:51:44: GLSL compiled : rviz/glsl120/include/circle_impl.frag
18:51:44: GLSL compiled : rviz/glsl120/include/circle_impl.frag
18:51:44: GLSL compiled : rviz/glsl120/pickcolor_circle.frag
18:51:44: GLSL compiled : rviz/glsl120/pickcolor.frag
18:51:44: GLSL compiled : rviz/glsl120/point.vert
18:51:44: GLSL compiled : rviz/glsl120/include/pass_depth.vert
18:51:44: GLSL compiled : rviz/glsl120/point.vert(with_depth)
18:51:44: GLSL compiled : rviz/glsl120/shaded_circle.frag
18:51:44: GLSL compiled : rviz/glsl120/smooth_square.frag
18:51:44: Parsing script nogp.program
18:51:44: GLSL compiled : rviz/glsl120/nogp/billboard_tile.vert
18:51:44: GLSL compiled : rviz/glsl120/include/pass_depth.vert
18:51:44: GLSL compiled : rviz/glsl120/nogp/billboard_tile.vert(with_depth)
18:51:44: GLSL compiled : rviz/glsl120/nogp/billboard.vert
18:51:44: GLSL compiled : rviz/glsl120/include/pass_depth.vert
18:51:44: GLSL compiled : rviz/glsl120/nogp/billboard.vert(with_depth)
18:51:44: GLSL compiled : rviz/glsl120/nogp/box.vert
18:51:44: GLSL compiled : rviz/glsl120/include/pass_depth.vert
18:51:44: GLSL compiled : rviz/glsl120/nogp/box.vert(with_depth)
18:51:44: GLSL compiled : rviz/glsl120/nogp/box.frag
18:51:44: Parsing script default_pick_and_depth.material
18:51:44: GLSL compiled : rviz/glsl120/black.frag
18:51:44: Parsing script indexed_8bit_image.material
18:51:44: GLSL compiled : rviz/glsl120/indexed_8bit_image.vert
18:51:44: Parsing script point_cloud_tile.material
18:51:44: GLSL compiled : rviz/glsl120/pass_color.frag
18:51:44: Parsing script point_cloud_point.material
18:51:44: GLSL compiled : rviz/glsl120/pass_color_circle.frag
18:51:44: Parsing script point_cloud_box.material
18:51:44: Parsing script point_cloud_flat_square.material
18:51:44: Parsing script point_cloud_square.material
18:51:44: Parsing script point_cloud_sphere.material
18:51:44: Parsing script arial.fontdef
18:51:44: Finished parsing scripts for resource group rviz
18:51:44: GLRenderSystem::_createRenderWindow "OgreWindow(1)", 100x30 windowed  miscParams: externalGLControl= macAPI=carbon parentWindowHandle=65011758 
18:51:44: GLXWindow::create used FBConfigID = 107
18:51:44: Mesh: Loading rviz_sphere.mesh.
18:51:44: Texture: SelectionRect0Texture: Loading 1 faces(PF_R8G8B8A8,1x1x1) with 0 generated mipmaps from Image. Internal format is PF_A8R8G8B8,1x1x1.
18:51:44: Mesh: Loading rviz_cylinder.mesh.
18:51:44: Mesh: Loading rviz_cone.mesh.
18:51:44: Texture: MapPaletteTexture0: Loading 1 faces(PF_A8B8G8R8,256x1x1) with 0 generated mipmaps from Image. Internal format is PF_A8R8G8B8,256x1x1.
18:51:44: Texture: MapPaletteTexture1: Loading 1 faces(PF_A8B8G8R8,256x1x1) with 0 generated mipmaps from Image. Internal format is PF_A8R8G8B8,256x1x1.
18:51:45: Font Arialusing texture size 512x512
18:51:45: Info: Freetype returned null for character 160 in font Arial
18:51:45: Texture: ArialTexture: Loading 1 faces(PF_BYTE_LA,512x512x1) with 0 generated mipmaps from Image. Internal format is PF_BYTE_LA,512x512x1.
18:51:45: GLSL link result : 
18:51:58: GLSL link result : 
18:52:00: Texture: MapTexture0: Loading 1 faces(PF_L8,4000x4000x1) with 0 generated mipmaps from Image. Internal format is PF_L8,4000x4000x1.
18:52:08: Texture: MapTexture1: Loading 1 faces(PF_L8,4000x4000x1) with 0 generated mipmaps from Image. Internal format is PF_L8,4000x4000x1.
18:52:13: Texture: MapTexture2: Loading 1 faces(PF_L8,4000x4000x1) with 0 generated mipmaps from Image. Internal format is PF_L8,4000x4000x1.
18:52:19: Texture: MapTexture3: Loading 1 faces(PF_L8,4000x4000x1) with 0 generated mipmaps from Image. Internal format is PF_L8,4000x4000x1.
18:52:23: Texture: MapTexture4: Loading 1 faces(PF_L8,4000x4000x1) with 0 generated mipmaps from Image. Internal format is PF_L8,4000x4000x1.
18:52:28: Texture: MapTexture5: Loading 1 faces(PF_L8,4000x4000x1) with 0 generated mipmaps from Image. Internal format is PF_L8,4000x4000x1.
18:52:33: Texture: MapTexture6: Loading 1 faces(PF_L8,4000x4000x1) with 0 generated mipmaps from Image. Internal format is PF_L8,4000x4000x1.
18:52:38: Texture: MapTexture7: Loading 1 faces(PF_L8,4000x4000x1) with 0 generated mipmaps from Image. Internal format is PF_L8,4000x4000x1.
18:52:43: Texture: MapTexture8: Loading 1 faces(PF_L8,4000x4000x1) with 0 generated mipmaps from Image. Internal format is PF_L8,4000x4000x1.
18:52:48: Texture: MapTexture9: Loading 1 faces(PF_L8,4000x4000x1) with 0 generated mipmaps from Image. Internal format is PF_L8,4000x4000x1.
18:52:53: Texture: MapTexture10: Loading 1 faces(PF_L8,4000x4000x1) with 0 generated mipmaps from Image. Internal format is PF_L8,4000x4000x1.
18:52:58: Texture: MapTexture11: Loading 1 faces(PF_L8,4000x4000x1) with 0 generated mipmaps from Image. Internal format is PF_L8,4000x4000x1.
18:53:03: Texture: MapTexture12: Loading 1 faces(PF_L8,4000x4000x1) with 0 generated mipmaps from Image. Internal format is PF_L8,4000x4000x1.
18:53:08: Texture: MapTexture13: Loading 1 faces(PF_L8,4000x4000x1) with 0 generated mipmaps from Image. Internal format is PF_L8,4000x4000x1.
18:53:13: Texture: MapTexture14: Loading 1 faces(PF_L8,4000x4000x1) with 0 generated mipmaps from Image. Internal format is PF_L8,4000x4000x1.
18:53:18: Texture: MapTexture15: Loading 1 faces(PF_L8,4000x4000x1) with 0 generated mipmaps from Image. Internal format is PF_L8,4000x4000x1.
18:53:23: Texture: MapTexture16: Loading 1 faces(PF_L8,4000x4000x1) with 0 generated mipmaps from Image. Internal format is PF_L8,4000x4000x1.
18:53:29: Texture: MapTexture17: Loading 1 faces(PF_L8,4000x4000x1) with 0 generated mipmaps from Image. Internal format is PF_L8,4000x4000x1.
18:53:34: Texture: MapTexture18: Loading 1 faces(PF_L8,4000x4000x1) with 0 generated mipmaps from Image. Internal format is PF_L8,4000x4000x1.
18:53:39: Texture: MapTexture19: Loading 1 faces(PF_L8,4000x4000x1) with 0 generated mipmaps from Image. Internal format is PF_L8,4000x4000x1.
18:53:44: Texture: MapTexture20: Loading 1 faces(PF_L8,4000x4000x1) with 0 generated mipmaps from Image. Internal format is PF_L8,4000x4000x1.
18:53:49: Texture: MapTexture21: Loading 1 faces(PF_L8,4000x4000x1) with 0 generated mipmaps from Image. Internal format is PF_L8,4000x4000x1.
18:53:54: Texture: MapTexture22: Loading 1 faces(PF_L8,4000x4000x1) with 0 generated mipmaps from Image. Internal format is PF_L8,4000x4000x1.
18:53:59: Texture: MapTexture23: Loading 1 faces(PF_L8,4000x4000x1) with 0 generated mipmaps from Image. Internal format is PF_L8,4000x4000x1.
18:54:05: Texture: MapTexture24: Loading 1 faces(PF_L8,4000x4000x1) with 0 generated mipmaps from Image. Internal format is PF_L8,4000x4000x1.
18:54:10: Texture: MapTexture25: Loading 1 faces(PF_L8,4000x4000x1) with 0 generated mipmaps from Image. Internal format is PF_L8,4000x4000x1.
18:54:15: Texture: MapTexture26: Loading 1 faces(PF_L8,4000x4000x1) with 0 generated mipmaps from Image. Internal format is PF_L8,4000x4000x1.
18:54:20: Texture: MapTexture27: Loading 1 faces(PF_L8,4000x4000x1) with 0 generated mipmaps from Image. Internal format is PF_L8,4000x4000x1.
18:54:25: Texture: MapTexture28: Loading 1 faces(PF_L8,4000x4000x1) with 0 generated mipmaps from Image. Internal format is PF_L8,4000x4000x1.
18:54:30: Texture: MapTexture29: Loading 1 faces(PF_L8,4000x4000x1) with 0 generated mipmaps from Image. Internal format is PF_L8,4000x4000x1.
18:54:35: Texture: MapTexture30: Loading 1 faces(PF_L8,4000x4000x1) with 0 generated mipmaps from Image. Internal format is PF_L8,4000x4000x1.
18:54:40: Texture: MapTexture31: Loading 1 faces(PF_L8,4000x4000x1) with 0 generated mipmaps from Image. Internal format is PF_L8,4000x4000x1.
18:54:45: Texture: MapTexture32: Loading 1 faces(PF_L8,4000x4000x1) with 0 generated mipmaps from Image. Internal format is PF_L8,4000x4000x1.
18:54:50: Texture: MapTexture33: Loading 1 faces(PF_L8,4000x4000x1) with 0 generated mipmaps from Image. Internal format is PF_L8,4000x4000x1.
18:54:56: Texture: MapTexture34: Loading 1 faces(PF_L8,4000x4000x1) with 0 generated mipmaps from Image. Internal format is PF_L8,4000x4000x1.
18:55:00: Texture: MapTexture35: Loading 1 faces(PF_L8,4000x4000x1) with 0 generated mipmaps from Image. Internal format is PF_L8,4000x4000x1.
18:55:19: Texture: MapTexture36: Loading 1 faces(PF_L8,4000x4000x1) with 0 generated mipmaps from Image. Internal format is PF_L8,4000x4000x1.
18:55:29: Texture: MapTexture37: Loading 1 faces(PF_L8,4000x4000x1) with 0 generated mipmaps from Image. Internal format is PF_L8,4000x4000x1.
18:55:34: Texture: MapTexture38: Loading 1 faces(PF_L8,4000x4000x1) with 0 generated mipmaps from Image. Internal format is PF_L8,4000x4000x1.
18:55:43: Texture: MapTexture39: Loading 1 faces(PF_L8,4000x4000x1) with 0 generated mipmaps from Image. Internal format is PF_L8,4000x4000x1.
18:55:52: Texture: MapTexture40: Loading 1 faces(PF_L8,4000x4000x1) with 0 generated mipmaps from Image. Internal format is PF_L8,4000x4000x1.
18:55:58: Texture: MapTexture41: Loading 1 faces(PF_L8,4000x4000x1) with 0 generated mipmaps from Image. Internal format is PF_L8,4000x4000x1.
18:56:03: Texture: MapTexture42: Loading 1 faces(PF_L8,4000x4000x1) with 0 generated mipmaps from Image. Internal format is PF_L8,4000x4000x1.
18:56:12: Texture: MapTexture43: Loading 1 faces(PF_L8,4000x4000x1) with 0 generated mipmaps from Image. Internal format is PF_L8,4000x4000x1.
18:56:23: Texture: MapTexture44: Loading 1 faces(PF_L8,4000x4000x1) with 0 generated mipmaps from Image. Internal format is PF_L8,4000x4000x1.
18:56:30: Texture: MapTexture45: Loading 1 faces(PF_L8,4000x4000x1) with 0 generated mipmaps from Image. Internal format is PF_L8,4000x4000x1.
18:56:41: Texture: MapTexture46: Loading 1 faces(PF_L8,4000x4000x1) with 0 generated mipmaps from Image. Internal format is PF_L8,4000x4000x1.
18:56:51: Texture: MapTexture47: Loading 1 faces(PF_L8,4000x4000x1) with 0 generated mipmaps from Image. Internal format is PF_L8,4000x4000x1.
18:56:57: Texture: MapTexture48: Loading 1 faces(PF_L8,4000x4000x1) with 0 generated mipmaps from Image. Internal format is PF_L8,4000x4000x1.
18:57:06: Texture: MapTexture49: Loading 1 faces(PF_L8,4000x4000x1) with 0 generated mipmaps from Image. Internal format is PF_L8,4000x4000x1.
18:57:13: Texture: MapTexture50: Loading 1 faces(PF_L8,4000x4000x1) with 0 generated mipmaps from Image. Internal format is PF_L8,4000x4000x1.
18:57:22: Texture: MapTexture51: Loading 1 faces(PF_L8,4000x4000x1) with 0 generated mipmaps from Image. Internal format is PF_L8,4000x4000x1.
18:57:30: Texture: MapTexture52: Loading 1 faces(PF_L8,4000x4000x1) with 0 generated mipmaps from Image. Internal format is PF_L8,4000x4000x1.
18:57:39: Texture: MapTexture53: Loading 1 faces(PF_L8,4000x4000x1) with 0 generated mipmaps from Image. Internal format is PF_L8,4000x4000x1.
18:57:49: Texture: MapTexture54: Loading 1 faces(PF_L8,4000x4000x1) with 0 generated mipmaps from Image. Internal format is PF_L8,4000x4000x1.
18:57:59: Texture: MapTexture55: Loading 1 faces(PF_L8,4000x4000x1) with 0 generated mipmaps from Image. Internal format is PF_L8,4000x4000x1.
18:58:05: Texture: MapTexture56: Loading 1 faces(PF_L8,4000x4000x1) with 0 generated mipmaps from Image. Internal format is PF_L8,4000x4000x1.
18:58:10: Texture: MapTexture57: Loading 1 faces(PF_L8,4000x4000x1) with 0 generated mipmaps from Image. Internal format is PF_L8,4000x4000x1.
18:58:16: Texture: MapTexture58: Loading 1 faces(PF_L8,4000x4000x1) with 0 generated mipmaps from Image. Internal format is PF_L8,4000x4000x1.
18:58:21: Texture: MapTexture59: Loading 1 faces(PF_L8,4000x4000x1) with 0 generated mipmaps from Image. Internal format is PF_L8,4000x4000x1.
18:58:27: Texture: MapTexture60: Loading 1 faces(PF_L8,4000x4000x1) with 0 generated mipmaps from Image. Internal format is PF_L8,4000x4000x1.
18:58:32: Texture: MapTexture61: Loading 1 faces(PF_L8,4000x4000x1) with 0 generated mipmaps from Image. Internal format is PF_L8,4000x4000x1.
18:58:39: Texture: MapTexture62: Loading 1 faces(PF_L8,4000x4000x1) with 0 generated mipmaps from Image. Internal format is PF_L8,4000x4000x1.
18:58:44: Texture: MapTexture63: Loading 1 faces(PF_L8,4000x4000x1) with 0 generated mipmaps from Image. Internal format is PF_L8,4000x4000x1.
18:58:50: Texture: MapTexture64: Loading 1 faces(PF_L8,4000x4000x1) with 0 generated mipmaps from Image. Internal format is PF_L8,4000x4000x1.
18:58:56: Texture: MapTexture65: Loading 1 faces(PF_L8,4000x4000x1) with 0 generated mipmaps from Image. Internal format is PF_L8,4000x4000x1.
18:58:56: GLSL link result : 
18:59:25: Texture: MapTexture66: Loading 1 faces(PF_L8,4000x4000x1) with 0 generated mipmaps from Image. Internal format is PF_L8,4000x4000x1.
18:59:29: GLSL link result : 
18:59:42: Texture: MapTexture67: Loading 1 faces(PF_L8,4000x4000x1) with 0 generated mipmaps from Image. Internal format is PF_L8,4000x4000x1.
18:59:43: Texture: MapTexture68: Loading 1 faces(PF_L8,4000x4000x1) with 0 generated mipmaps from Image. Internal format is PF_L8,4000x4000x1.
18:59:56: Texture: MapTexture69: Loading 1 faces(PF_L8,4000x4000x1) with 0 generated mipmaps from Image. Internal format is PF_L8,4000x4000x1.
19:00:21: Texture: MapTexture70: Loading 1 faces(PF_L8,4000x4000x1) with 0 generated mipmaps from Image. Internal format is PF_L8,4000x4000x1.
19:00:31: Texture: MapTexture71: Loading 1 faces(PF_L8,4000x4000x1) with 0 generated mipmaps from Image. Internal format is PF_L8,4000x4000x1.
19:00:41: Texture: MapTexture72: Loading 1 faces(PF_L8,4000x4000x1) with 0 generated mipmaps from Image. Internal format is PF_L8,4000x4000x1.
19:00:52: Texture: MapTexture73: Loading 1 faces(PF_L8,4000x4000x1) with 0 generated mipmaps from Image. Internal format is PF_L8,4000x4000x1.
19:01:06: Texture: MapTexture74: Loading 1 faces(PF_L8,4000x4000x1) with 0 generated mipmaps from Image. Internal format is PF_L8,4000x4000x1.
19:01:17: Texture: MapTexture75: Loading 1 faces(PF_L8,4000x4000x1) with 0 generated mipmaps from Image. Internal format is PF_L8,4000x4000x1.
19:01:29: Texture: MapTexture76: Loading 1 faces(PF_L8,4000x4000x1) with 0 generated mipmaps from Image. Internal format is PF_L8,4000x4000x1.
19:01:40: Texture: MapTexture77: Loading 1 faces(PF_L8,4000x4000x1) with 0 generated mipmaps from Image. Internal format is PF_L8,4000x4000x1.
19:01:44: GLSL link result : 
19:01:52: Texture: MapTexture78: Loading 1 faces(PF_L8,4000x4000x1) with 0 generated mipmaps from Image. Internal format is PF_L8,4000x4000x1.
19:02:04: Texture: MapTexture79: Loading 1 faces(PF_L8,4000x4000x1) with 0 generated mipmaps from Image. Internal format is PF_L8,4000x4000x1.
19:02:14: Texture: MapTexture80: Loading 1 faces(PF_L8,4000x4000x1) with 0 generated mipmaps from Image. Internal format is PF_L8,4000x4000x1.
19:02:26: Texture: MapTexture81: Loading 1 faces(PF_L8,4000x4000x1) with 0 generated mipmaps from Image. Internal format is PF_L8,4000x4000x1.
19:02:38: Texture: MapTexture82: Loading 1 faces(PF_L8,4000x4000x1) with 0 generated mipmaps from Image. Internal format is PF_L8,4000x4000x1.
19:02:48: Texture: MapTexture83: Loading 1 faces(PF_L8,4000x4000x1) with 0 generated mipmaps from Image. Internal format is PF_L8,4000x4000x1.
19:03:06: Texture: MapTexture84: Loading 1 faces(PF_L8,4000x4000x1) with 0 generated mipmaps from Image. Internal format is PF_L8,4000x4000x1.
19:03:15: Texture: MapTexture85: Loading 1 faces(PF_L8,4000x4000x1) with 0 generated mipmaps from Image. Internal format is PF_L8,4000x4000x1.
19:03:24: Texture: MapTexture86: Loading 1 faces(PF_L8,4000x4000x1) with 0 generated mipmaps from Image. Internal format is PF_L8,4000x4000x1.
19:03:37: Texture: MapTexture87: Loading 1 faces(PF_L8,4000x4000x1) with 0 generated mipmaps from Image. Internal format is PF_L8,4000x4000x1.
19:03:52: Texture: MapTexture88: Loading 1 faces(PF_L8,4000x4000x1) with 0 generated mipmaps from Image. Internal format is PF_L8,4000x4000x1.
19:04:04: Texture: MapTexture89: Loading 1 faces(PF_L8,4000x4000x1) with 0 generated mipmaps from Image. Internal format is PF_L8,4000x4000x1.
19:04:16: Texture: MapTexture90: Loading 1 faces(PF_L8,4000x4000x1) with 0 generated mipmaps from Image. Internal format is PF_L8,4000x4000x1.
19:04:28: Texture: MapTexture91: Loading 1 faces(PF_L8,4000x4000x1) with 0 generated mipmaps from Image. Internal format is PF_L8,4000x4000x1.
19:04:43: Texture: MapTexture92: Loading 1 faces(PF_L8,4000x4000x1) with 0 generated mipmaps from Image. Internal format is PF_L8,4000x4000x1.
19:04:56: Texture: MapTexture93: Loading 1 faces(PF_L8,4000x4000x1) with 0 generated mipmaps from Image. Internal format is PF_L8,4000x4000x1.
19:05:08: Texture: MapTexture94: Loading 1 faces(PF_L8,4000x4000x1) with 0 generated mipmaps from Image. Internal format is PF_L8,4000x4000x1.
19:05:21: Texture: MapTexture95: Loading 1 faces(PF_L8,4000x4000x1) with 0 generated mipmaps from Image. Internal format is PF_L8,4000x4000x1.
19:05:37: Texture: MapTexture96: Loading 1 faces(PF_L8,4000x4000x1) with 0 generated mipmaps from Image. Internal format is PF_L8,4000x4000x1.
19:05:52: Texture: MapTexture97: Loading 1 faces(PF_L8,4000x4000x1) with 0 generated mipmaps from Image. Internal format is PF_L8,4000x4000x1.
19:06:05: Texture: MapTexture98: Loading 1 faces(PF_L8,4000x4000x1) with 0 generated mipmaps from Image. Internal format is PF_L8,4000x4000x1.
19:06:17: Texture: MapTexture99: Loading 1 faces(PF_L8,4000x4000x1) with 0 generated mipmaps from Image. Internal format is PF_L8,4000x4000x1.
19:06:30: Texture: MapTexture100: Loading 1 faces(PF_L8,4000x4000x1) with 0 generated mipmaps from Image. Internal format is PF_L8,4000x4000x1.
19:06:39: Texture: MapTexture101: Loading 1 faces(PF_L8,4000x4000x1) with 0 generated mipmaps from Image. Internal format is PF_L8,4000x4000x1.
19:06:53: Texture: MapTexture102: Loading 1 faces(PF_L8,4000x4000x1) with 0 generated mipmaps from Image. Internal format is PF_L8,4000x4000x1.
19:07:04: Texture: MapTexture103: Loading 1 faces(PF_L8,4000x4000x1) with 0 generated mipmaps from Image. Internal format is PF_L8,4000x4000x1.
19:07:10: Texture: MapTexture104: Loading 1 faces(PF_L8,4000x4000x1) with 0 generated mipmaps from Image. Internal format is PF_L8,4000x4000x1.
19:07:16: Texture: MapTexture105: Loading 1 faces(PF_L8,4000x4000x1) with 0 generated mipmaps from Image. Internal format is PF_L8,4000x4000x1.
19:07:22: Texture: MapTexture106: Loading 1 faces(PF_L8,4000x4000x1) with 0 generated mipmaps from Image. Internal format is PF_L8,4000x4000x1.
19:07:28: Texture: MapTexture107: Loading 1 faces(PF_L8,4000x4000x1) with 0 generated mipmaps from Image. Internal format is PF_L8,4000x4000x1.
19:07:33: Texture: MapTexture108: Loading 1 faces(PF_L8,4000x4000x1) with 0 generated mipmaps from Image. Internal format is PF_L8,4000x4000x1.
19:07:39: Texture: MapTexture109: Loading 1 faces(PF_L8,4000x4000x1) with 0 generated mipmaps from Image. Internal format is PF_L8,4000x4000x1.
19:07:46: Texture: MapTexture110: Loading 1 faces(PF_L8,4000x4000x1) with 0 generated mipmaps from Image. Internal format is PF_L8,4000x4000x1.
19:07:52: Texture: MapTexture111: Loading 1 faces(PF_L8,4000x4000x1) with 0 generated mipmaps from Image. Internal format is PF_L8,4000x4000x1.
19:07:58: Texture: MapTexture112: Loading 1 faces(PF_L8,4000x4000x1) with 0 generated mipmaps from Image. Internal format is PF_L8,4000x4000x1.
19:08:05: Texture: MapTexture113: Loading 1 faces(PF_L8,4000x4000x1) with 0 generated mipmaps from Image. Internal format is PF_L8,4000x4000x1.
19:08:11: Texture: MapTexture114: Loading 1 faces(PF_L8,4000x4000x1) with 0 generated mipmaps from Image. Internal format is PF_L8,4000x4000x1.
19:08:18: Texture: MapTexture115: Loading 1 faces(PF_L8,4000x4000x1) with 0 generated mipmaps from Image. Internal format is PF_L8,4000x4000x1.
19:08:25: Texture: MapTexture116: Loading 1 faces(PF_L8,4000x4000x1) with 0 generated mipmaps from Image. Internal format is PF_L8,4000x4000x1.
19:08:35: Texture: MapTexture117: Loading 1 faces(PF_L8,4000x4000x1) with 0 generated mipmaps from Image. Internal format is PF_L8,4000x4000x1.
19:08:45: Texture: MapTexture118: Loading 1 faces(PF_L8,4000x4000x1) with 0 generated mipmaps from Image. Internal format is PF_L8,4000x4000x1.
19:08:55: Texture: MapTexture119: Loading 1 faces(PF_L8,4000x4000x1) with 0 generated mipmaps from Image. Internal format is PF_L8,4000x4000x1.
19:09:08: Texture: MapTexture120: Loading 1 faces(PF_L8,4000x4000x1) with 0 generated mipmaps from Image. Internal format is PF_L8,4000x4000x1.
19:09:18: Texture: MapTexture121: Loading 1 faces(PF_L8,4000x4000x1) with 0 generated mipmaps from Image. Internal format is PF_L8,4000x4000x1.
19:09:30: Texture: MapTexture122: Loading 1 faces(PF_L8,4000x4000x1) with 0 generated mipmaps from Image. Internal format is PF_L8,4000x4000x1.
19:09:44: Texture: MapTexture123: Loading 1 faces(PF_L8,4000x4000x1) with 0 generated mipmaps from Image. Internal format is PF_L8,4000x4000x1.
19:09:57: Texture: MapTexture124: Loading 1 faces(PF_L8,4000x4000x1) with 0 generated mipmaps from Image. Internal format is PF_L8,4000x4000x1.
19:10:06: Texture: MapTexture125: Loading 1 faces(PF_L8,4000x4000x1) with 0 generated mipmaps from Image. Internal format is PF_L8,4000x4000x1.
19:10:16: Texture: MapTexture126: Loading 1 faces(PF_L8,4000x4000x1) with 0 generated mipmaps from Image. Internal format is PF_L8,4000x4000x1.
19:10:22: Texture: MapTexture127: Loading 1 faces(PF_L8,4000x4000x1) with 0 generated mipmaps from Image. Internal format is PF_L8,4000x4000x1.
19:10:28: Texture: MapTexture128: Loading 1 faces(PF_L8,4000x4000x1) with 0 generated mipmaps from Image. Internal format is PF_L8,4000x4000x1.
19:10:34: Texture: MapTexture129: Loading 1 faces(PF_L8,4000x4000x1) with 0 generated mipmaps from Image. Internal format is PF_L8,4000x4000x1.
19:10:40: Texture: MapTexture130: Loading 1 faces(PF_L8,4000x4000x1) with 0 generated mipmaps from Image. Internal format is PF_L8,4000x4000x1.
19:10:47: Texture: MapTexture131: Loading 1 faces(PF_L8,4000x4000x1) with 0 generated mipmaps from Image. Internal format is PF_L8,4000x4000x1.
19:10:53: Texture: MapTexture132: Loading 1 faces(PF_L8,4000x4000x1) with 0 generated mipmaps from Image. Internal format is PF_L8,4000x4000x1.
19:11:00: Texture: MapTexture133: Loading 1 faces(PF_L8,4000x4000x1) with 0 generated mipmaps from Image. Internal format is PF_L8,4000x4000x1.
19:11:08: Texture: MapTexture134: Loading 1 faces(PF_L8,4000x4000x1) with 0 generated mipmaps from Image. Internal format is PF_L8,4000x4000x1.
19:11:17: Texture: MapTexture135: Loading 1 faces(PF_L8,4000x4000x1) with 0 generated mipmaps from Image. Internal format is PF_L8,4000x4000x1.
19:11:27: Texture: MapTexture136: Loading 1 faces(PF_L8,4000x4000x1) with 0 generated mipmaps from Image. Internal format is PF_L8,4000x4000x1.
19:11:37: Texture: MapTexture137: Loading 1 faces(PF_L8,4000x4000x1) with 0 generated mipmaps from Image. Internal format is PF_L8,4000x4000x1.
19:11:46: Texture: MapTexture138: Loading 1 faces(PF_L8,4000x4000x1) with 0 generated mipmaps from Image. Internal format is PF_L8,4000x4000x1.
19:11:53: Texture: MapTexture139: Loading 1 faces(PF_L8,4000x4000x1) with 0 generated mipmaps from Image. Internal format is PF_L8,4000x4000x1.
19:11:59: Texture: MapTexture140: Loading 1 faces(PF_L8,4000x4000x1) with 0 generated mipmaps from Image. Internal format is PF_L8,4000x4000x1.
19:12:05: Texture: MapTexture141: Loading 1 faces(PF_L8,4000x4000x1) with 0 generated mipmaps from Image. Internal format is PF_L8,4000x4000x1.
19:12:12: Texture: MapTexture142: Loading 1 faces(PF_L8,4000x4000x1) with 0 generated mipmaps from Image. Internal format is PF_L8,4000x4000x1.
19:12:18: Texture: MapTexture143: Loading 1 faces(PF_L8,4000x4000x1) with 0 generated mipmaps from Image. Internal format is PF_L8,4000x4000x1.
19:12:24: Texture: MapTexture144: Loading 1 faces(PF_L8,4000x4000x1) with 0 generated mipmaps from Image. Internal format is PF_L8,4000x4000x1.
19:12:29: Texture: MapTexture145: Loading 1 faces(PF_L8,4000x4000x1) with 0 generated mipmaps from Image. Internal format is PF_L8,4000x4000x1.
19:12:36: Texture: MapTexture146: Loading 1 faces(PF_L8,4000x4000x1) with 0 generated mipmaps from Image. Internal format is PF_L8,4000x4000x1.
19:12:42: Texture: MapTexture147: Loading 1 faces(PF_L8,4000x4000x1) with 0 generated mipmaps from Image. Internal format is PF_L8,4000x4000x1.
19:12:47: Texture: MapTexture148: Loading 1 faces(PF_L8,4000x4000x1) with 0 generated mipmaps from Image. Internal format is PF_L8,4000x4000x1.
19:12:53: Texture: MapTexture149: Loading 1 faces(PF_L8,4000x4000x1) with 0 generated mipmaps from Image. Internal format is PF_L8,4000x4000x1.
19:13:00: Texture: MapTexture150: Loading 1 faces(PF_L8,4000x4000x1) with 0 generated mipmaps from Image. Internal format is PF_L8,4000x4000x1.
19:13:06: Texture: MapTexture151: Loading 1 faces(PF_L8,4000x4000x1) with 0 generated mipmaps from Image. Internal format is PF_L8,4000x4000x1.
19:13:12: Texture: MapTexture152: Loading 1 faces(PF_L8,4000x4000x1) with 0 generated mipmaps from Image. Internal format is PF_L8,4000x4000x1.
19:13:19: Texture: MapTexture153: Loading 1 faces(PF_L8,4000x4000x1) with 0 generated mipmaps from Image. Internal format is PF_L8,4000x4000x1.
19:13:25: Texture: MapTexture154: Loading 1 faces(PF_L8,4000x4000x1) with 0 generated mipmaps from Image. Internal format is PF_L8,4000x4000x1.
19:13:32: Texture: MapTexture155: Loading 1 faces(PF_L8,4000x4000x1) with 0 generated mipmaps from Image. Internal format is PF_L8,4000x4000x1.
19:13:39: Texture: MapTexture156: Loading 1 faces(PF_L8,4000x4000x1) with 0 generated mipmaps from Image. Internal format is PF_L8,4000x4000x1.
19:13:45: Texture: MapTexture157: Loading 1 faces(PF_L8,4000x4000x1) with 0 generated mipmaps from Image. Internal format is PF_L8,4000x4000x1.
19:13:52: Texture: MapTexture158: Loading 1 faces(PF_L8,4000x4000x1) with 0 generated mipmaps from Image. Internal format is PF_L8,4000x4000x1.
19:13:58: Texture: MapTexture159: Loading 1 faces(PF_L8,4000x4000x1) with 0 generated mipmaps from Image. Internal format is PF_L8,4000x4000x1.
19:14:05: Texture: MapTexture160: Loading 1 faces(PF_L8,4000x4000x1) with 0 generated mipmaps from Image. Internal format is PF_L8,4000x4000x1.
19:14:12: Texture: MapTexture161: Loading 1 faces(PF_L8,4000x4000x1) with 0 generated mipmaps from Image. Internal format is PF_L8,4000x4000x1.
19:14:18: Texture: MapTexture162: Loading 1 faces(PF_L8,4000x4000x1) with 0 generated mipmaps from Image. Internal format is PF_L8,4000x4000x1.
19:14:25: Texture: MapTexture163: Loading 1 faces(PF_L8,4000x4000x1) with 0 generated mipmaps from Image. Internal format is PF_L8,4000x4000x1.
19:14:32: Texture: MapTexture164: Loading 1 faces(PF_L8,4000x4000x1) with 0 generated mipmaps from Image. Internal format is PF_L8,4000x4000x1.
19:14:39: Texture: MapTexture165: Loading 1 faces(PF_L8,4000x4000x1) with 0 generated mipmaps from Image. Internal format is PF_L8,4000x4000x1.
19:14:46: Texture: MapTexture166: Loading 1 faces(PF_L8,4000x4000x1) with 0 generated mipmaps from Image. Internal format is PF_L8,4000x4000x1.
19:14:52: Texture: MapTexture167: Loading 1 faces(PF_L8,4000x4000x1) with 0 generated mipmaps from Image. Internal format is PF_L8,4000x4000x1.
19:15:03: Texture: MapTexture168: Loading 1 faces(PF_L8,4000x4000x1) with 0 generated mipmaps from Image. Internal format is PF_L8,4000x4000x1.
19:15:13: Texture: MapTexture169: Loading 1 faces(PF_L8,4000x4000x1) with 0 generated mipmaps from Image. Internal format is PF_L8,4000x4000x1.
19:15:25: Texture: MapTexture170: Loading 1 faces(PF_L8,4000x4000x1) with 0 generated mipmaps from Image. Internal format is PF_L8,4000x4000x1.
19:15:33: Texture: MapTexture171: Loading 1 faces(PF_L8,4000x4000x1) with 0 generated mipmaps from Image. Internal format is PF_L8,4000x4000x1.
19:15:40: Texture: MapTexture172: Loading 1 faces(PF_L8,4000x4000x1) with 0 generated mipmaps from Image. Internal format is PF_L8,4000x4000x1.
19:15:47: Texture: MapTexture173: Loading 1 faces(PF_L8,4000x4000x1) with 0 generated mipmaps from Image. Internal format is PF_L8,4000x4000x1.
19:15:54: Texture: MapTexture174: Loading 1 faces(PF_L8,4000x4000x1) with 0 generated mipmaps from Image. Internal format is PF_L8,4000x4000x1.
19:16:01: Texture: MapTexture175: Loading 1 faces(PF_L8,4000x4000x1) with 0 generated mipmaps from Image. Internal format is PF_L8,4000x4000x1.
19:16:08: Texture: MapTexture176: Loading 1 faces(PF_L8,4000x4000x1) with 0 generated mipmaps from Image. Internal format is PF_L8,4000x4000x1.
19:16:15: Texture: MapTexture177: Loading 1 faces(PF_L8,4000x4000x1) with 0 generated mipmaps from Image. Internal format is PF_L8,4000x4000x1.
19:16:24: Texture: MapTexture178: Loading 1 faces(PF_L8,4000x4000x1) with 0 generated mipmaps from Image. Internal format is PF_L8,4000x4000x1.
19:16:32: Texture: MapTexture179: Loading 1 faces(PF_L8,4000x4000x1) with 0 generated mipmaps from Image. Internal format is PF_L8,4000x4000x1.
19:16:40: Texture: MapTexture180: Loading 1 faces(PF_L8,4000x4000x1) with 0 generated mipmaps from Image. Internal format is PF_L8,4000x4000x1.
19:16:48: Texture: MapTexture181: Loading 1 faces(PF_L8,4000x4000x1) with 0 generated mipmaps from Image. Internal format is PF_L8,4000x4000x1.
19:16:56: Texture: MapTexture182: Loading 1 faces(PF_L8,4000x4000x1) with 0 generated mipmaps from Image. Internal format is PF_L8,4000x4000x1.
19:17:11: Texture: MapTexture183: Loading 1 faces(PF_L8,4000x4000x1) with 0 generated mipmaps from Image. Internal format is PF_L8,4000x4000x1.
19:17:27: Texture: MapTexture184: Loading 1 faces(PF_L8,4000x4000x1) with 0 generated mipmaps from Image. Internal format is PF_L8,4000x4000x1.
19:17:41: Texture: MapTexture185: Loading 1 faces(PF_L8,4000x4000x1) with 0 generated mipmaps from Image. Internal format is PF_L8,4000x4000x1.
19:17:54: Texture: MapTexture186: Loading 1 faces(PF_L8,4000x4000x1) with 0 generated mipmaps from Image. Internal format is PF_L8,4000x4000x1.
19:18:07: Texture: MapTexture187: Loading 1 faces(PF_L8,4000x4000x1) with 0 generated mipmaps from Image. Internal format is PF_L8,4000x4000x1.
19:18:24: Texture: MapTexture188: Loading 1 faces(PF_L8,4000x4000x1) with 0 generated mipmaps from Image. Internal format is PF_L8,4000x4000x1.
19:18:37: Texture: MapTexture189: Loading 1 faces(PF_L8,4000x4000x1) with 0 generated mipmaps from Image. Internal format is PF_L8,4000x4000x1.
19:18:50: Texture: MapTexture190: Loading 1 faces(PF_L8,4000x4000x1) with 0 generated mipmaps from Image. Internal format is PF_L8,4000x4000x1.
19:19:00: Texture: MapTexture191: Loading 1 faces(PF_L8,4000x4000x1) with 0 generated mipmaps from Image. Internal format is PF_L8,4000x4000x1.
19:19:13: Texture: MapTexture192: Loading 1 faces(PF_L8,4000x4000x1) with 0 generated mipmaps from Image. Internal format is PF_L8,4000x4000x1.
19:19:21: Texture: MapTexture193: Loading 1 faces(PF_L8,4000x4000x1) with 0 generated mipmaps from Image. Internal format is PF_L8,4000x4000x1.
19:19:29: Texture: MapTexture194: Loading 1 faces(PF_L8,4000x4000x1) with 0 generated mipmaps from Image. Internal format is PF_L8,4000x4000x1.
19:19:36: Texture: MapTexture195: Loading 1 faces(PF_L8,4000x4000x1) with 0 generated mipmaps from Image. Internal format is PF_L8,4000x4000x1.
19:19:43: Texture: MapTexture196: Loading 1 faces(PF_L8,4000x4000x1) with 0 generated mipmaps from Image. Internal format is PF_L8,4000x4000x1.
19:19:50: Texture: MapTexture197: Loading 1 faces(PF_L8,4000x4000x1) with 0 generated mipmaps from Image. Internal format is PF_L8,4000x4000x1.
19:19:57: Texture: MapTexture198: Loading 1 faces(PF_L8,4000x4000x1) with 0 generated mipmaps from Image. Internal format is PF_L8,4000x4000x1.
19:20:04: Texture: MapTexture199: Loading 1 faces(PF_L8,4000x4000x1) with 0 generated mipmaps from Image. Internal format is PF_L8,4000x4000x1.
19:20:11: Texture: MapTexture200: Loading 1 faces(PF_L8,4000x4000x1) with 0 generated mipmaps from Image. Internal format is PF_L8,4000x4000x1.
19:20:17: Texture: MapTexture201: Loading 1 faces(PF_L8,4000x4000x1) with 0 generated mipmaps from Image. Internal format is PF_L8,4000x4000x1.
19:20:24: Texture: MapTexture202: Loading 1 faces(PF_L8,4000x4000x1) with 0 generated mipmaps from Image. Internal format is PF_L8,4000x4000x1.
19:20:34: Texture: MapTexture203: Loading 1 faces(PF_L8,4000x4000x1) with 0 generated mipmaps from Image. Internal format is PF_L8,4000x4000x1.
19:20:45: Texture: MapTexture204: Loading 1 faces(PF_L8,4000x4000x1) with 0 generated mipmaps from Image. Internal format is PF_L8,4000x4000x1.
19:20:55: Texture: MapTexture205: Loading 1 faces(PF_L8,4000x4000x1) with 0 generated mipmaps from Image. Internal format is PF_L8,4000x4000x1.
19:21:06: Texture: MapTexture206: Loading 1 faces(PF_L8,4000x4000x1) with 0 generated mipmaps from Image. Internal format is PF_L8,4000x4000x1.
19:21:12: Texture: MapTexture207: Loading 1 faces(PF_L8,4000x4000x1) with 0 generated mipmaps from Image. Internal format is PF_L8,4000x4000x1.
19:21:21: Texture: MapTexture208: Loading 1 faces(PF_L8,4000x4000x1) with 0 generated mipmaps from Image. Internal format is PF_L8,4000x4000x1.
19:21:32: Texture: MapTexture209: Loading 1 faces(PF_L8,4000x4000x1) with 0 generated mipmaps from Image. Internal format is PF_L8,4000x4000x1.
19:21:41: Texture: MapTexture210: Loading 1 faces(PF_L8,4000x4000x1) with 0 generated mipmaps from Image. Internal format is PF_L8,4000x4000x1.
19:21:47: Texture: MapTexture211: Loading 1 faces(PF_L8,4000x4000x1) with 0 generated mipmaps from Image. Internal format is PF_L8,4000x4000x1.
19:21:55: Texture: MapTexture212: Loading 1 faces(PF_L8,4000x4000x1) with 0 generated mipmaps from Image. Internal format is PF_L8,4000x4000x1.
19:22:03: Texture: MapTexture213: Loading 1 faces(PF_L8,4000x4000x1) with 0 generated mipmaps from Image. Internal format is PF_L8,4000x4000x1.
19:22:11: Texture: MapTexture214: Loading 1 faces(PF_L8,4000x4000x1) with 0 generated mipmaps from Image. Internal format is PF_L8,4000x4000x1.
19:22:19: Texture: MapTexture215: Loading 1 faces(PF_L8,4000x4000x1) with 0 generated mipmaps from Image. Internal format is PF_L8,4000x4000x1.
19:22:26: Texture: MapTexture216: Loading 1 faces(PF_L8,4000x4000x1) with 0 generated mipmaps from Image. Internal format is PF_L8,4000x4000x1.
19:22:35: Texture: MapTexture217: Loading 1 faces(PF_L8,4000x4000x1) with 0 generated mipmaps from Image. Internal format is PF_L8,4000x4000x1.
19:22:45: Texture: MapTexture218: Loading 1 faces(PF_L8,4000x4000x1) with 0 generated mipmaps from Image. Internal format is PF_L8,4000x4000x1.
19:22:56: Texture: MapTexture219: Loading 1 faces(PF_L8,4000x4000x1) with 0 generated mipmaps from Image. Internal format is PF_L8,4000x4000x1.
19:23:07: Texture: MapTexture220: Loading 1 faces(PF_L8,4000x4000x1) with 0 generated mipmaps from Image. Internal format is PF_L8,4000x4000x1.
19:23:16: Texture: MapTexture221: Loading 1 faces(PF_L8,4000x4000x1) with 0 generated mipmaps from Image. Internal format is PF_L8,4000x4000x1.
19:23:26: Texture: MapTexture222: Loading 1 faces(PF_L8,4000x4000x1) with 0 generated mipmaps from Image. Internal format is PF_L8,4000x4000x1.
19:23:37: Texture: MapTexture223: Loading 1 faces(PF_L8,4000x4000x1) with 0 generated mipmaps from Image. Internal format is PF_L8,4000x4000x1.
