09:30:44: Creating resource group General
09:30:44: Creating resource group Internal
09:30:44: Creating resource group Autodetect
09:30:44: SceneManagerFactory for type 'DefaultSceneManager' registered.
09:30:44: Registering ResourceManager for type Material
09:30:44: Registering ResourceManager for type Mesh
09:30:44: Registering ResourceManager for type Skeleton
09:30:44: MovableObjectFactory for type 'ParticleSystem' registered.
09:30:44: OverlayElementFactory for type Panel registered.
09:30:44: OverlayElementFactory for type BorderPanel registered.
09:30:44: OverlayElementFactory for type TextArea registered.
09:30:44: Registering ResourceManager for type Font
09:30:44: ArchiveFactory for archive type FileSystem registered.
09:30:44: ArchiveFactory for archive type Zip registered.
09:30:44: DDS codec registering
09:30:44: FreeImage version: 3.15.1
09:30:44: This program uses FreeImage, a free, open source image library supporting all common bitmap formats. See http://freeimage.sourceforge.net for details
09:30:44: Supported formats: bmp,ico,jpg,jif,jpeg,jpe,jng,koa,iff,lbm,mng,pbm,pbm,pcd,pcx,pgm,pgm,png,ppm,ppm,ras,tga,targa,tif,tiff,wap,wbmp,wbm,psd,cut,xbm,xpm,gif,hdr,g3,sgi,exr,j2k,j2c,jp2,pfm,pct,pict,pic,3fr,arw,bay,bmq,cap,cine,cr2,crw,cs1,dc2,dcr,drf,dsc,dng,erf,fff,ia,iiq,k25,kc2,kdc,mdc,mef,mos,mrw,nef,nrw,orf,pef,ptx,pxn,qtk,raf,raw,rdc,rw2,rwl,rwz,sr2,srf,sti
09:30:44: Registering ResourceManager for type HighLevelGpuProgram
09:30:44: Registering ResourceManager for type Compositor
09:30:44: MovableObjectFactory for type 'Entity' registered.
09:30:44: MovableObjectFactory for type 'Light' registered.
09:30:44: MovableObjectFactory for type 'BillboardSet' registered.
09:30:44: MovableObjectFactory for type 'ManualObject' registered.
09:30:44: MovableObjectFactory for type 'BillboardChain' registered.
09:30:44: MovableObjectFactory for type 'RibbonTrail' registered.
09:30:44: *-*-* OGRE Initialising
09:30:44: *-*-* Version 1.7.4 (Cthugha)
09:30:44: Loading library /usr/lib/i386-linux-gnu/OGRE-1.7.4/RenderSystem_GL
09:30:44: Installing plugin: GL RenderSystem
09:30:44: OpenGL Rendering Subsystem created.
09:30:44: Plugin successfully installed
09:30:44: Loading library /usr/lib/i386-linux-gnu/OGRE-1.7.4/Plugin_OctreeSceneManager
09:30:44: Installing plugin: Octree & Terrain Scene Manager
09:30:44: Plugin successfully installed
09:30:44: Loading library /usr/lib/i386-linux-gnu/OGRE-1.7.4/Plugin_ParticleFX
09:30:44: Installing plugin: ParticleFX
09:30:44: Particle Emitter Type 'Point' registered
09:30:44: Particle Emitter Type 'Box' registered
09:30:44: Particle Emitter Type 'Ellipsoid' registered
09:30:44: Particle Emitter Type 'Cylinder' registered
09:30:44: Particle Emitter Type 'Ring' registered
09:30:44: Particle Emitter Type 'HollowEllipsoid' registered
09:30:44: Particle Affector Type 'LinearForce' registered
09:30:44: Particle Affector Type 'ColourFader' registered
09:30:44: Particle Affector Type 'ColourFader2' registered
09:30:44: Particle Affector Type 'ColourImage' registered
09:30:44: Particle Affector Type 'ColourInterpolator' registered
09:30:44: Particle Affector Type 'Scaler' registered
09:30:44: Particle Affector Type 'Rotator' registered
09:30:44: Particle Affector Type 'DirectionRandomiser' registered
09:30:44: Particle Affector Type 'DeflectorPlane' registered
09:30:44: Plugin successfully installed
09:30:44: CPU Identifier & Features
09:30:44: -------------------------
09:30:44:  *   CPU ID: GenuineIntel: Intel(R) Core(TM)2 Duo CPU     E8400  @ 3.00GHz
09:30:44:  *      SSE: yes
09:30:44:  *     SSE2: yes
09:30:44:  *     SSE3: yes
09:30:44:  *      MMX: yes
09:30:44:  *   MMXEXT: yes
09:30:44:  *    3DNOW: no
09:30:44:  * 3DNOWEXT: no
09:30:44:  *     CMOV: yes
09:30:44:  *      TSC: yes
09:30:44:  *      FPU: yes
09:30:44:  *      PRO: yes
09:30:44:  *       HT: no
09:30:44: -------------------------
09:30:44: ******************************
*** Starting GLX Subsystem ***
******************************
09:30:44: GLRenderSystem::_createRenderWindow "OgreWindow(0)", 1x1 windowed  miscParams: externalGLControl= macAPI=carbon parentWindowHandle=65011713 
09:30:44: GLXWindow::create used FBConfigID = 206
09:30:44: GL_VERSION = 3.0 Mesa 9.0.3
09:30:44: GL_VENDOR = nouveau
09:30:44: GL_RENDERER = Gallium 0.4 on NV92
09:30:44: GL_EXTENSIONS = GL_ARB_multisample GL_EXT_abgr GL_EXT_bgra GL_EXT_blend_color GL_EXT_blend_minmax GL_EXT_blend_subtract GL_EXT_copy_texture GL_EXT_polygon_offset GL_EXT_subtexture GL_EXT_texture_object GL_EXT_vertex_array GL_EXT_compiled_vertex_array GL_EXT_texture GL_EXT_texture3D GL_IBM_rasterpos_clip GL_ARB_point_parameters GL_EXT_draw_range_elements GL_EXT_packed_pixels GL_EXT_point_parameters GL_EXT_rescale_normal GL_EXT_separate_specular_color GL_EXT_texture_edge_clamp GL_SGIS_generate_mipmap GL_SGIS_texture_border_clamp GL_SGIS_texture_edge_clamp GL_SGIS_texture_lod GL_ARB_framebuffer_sRGB GL_ARB_multitexture GL_EXT_framebuffer_sRGB GL_IBM_multimode_draw_arrays GL_IBM_texture_mirrored_repeat GL_ARB_texture_cube_map GL_ARB_texture_env_add GL_ARB_transpose_matrix GL_EXT_blend_func_separate GL_EXT_fog_coord GL_EXT_multi_draw_arrays GL_EXT_secondary_color GL_EXT_texture_env_add GL_EXT_texture_filter_anisotropic GL_EXT_texture_lod_bias GL_INGR_blend_func_separate GL_NV_blend_square GL_NV_light_max_exponent GL_NV_texgen_reflection GL_NV_texture_env_combine4 GL_S3_s3tc GL_SUN_multi_draw_arrays GL_ARB_texture_border_clamp GL_ARB_texture_compression GL_EXT_framebuffer_object GL_EXT_texture_compression_s3tc GL_EXT_texture_env_combine GL_EXT_texture_env_dot3 GL_MESA_window_pos GL_NV_packed_depth_stencil GL_NV_texture_rectangle GL_ARB_depth_texture GL_ARB_occlusion_query GL_ARB_shadow GL_ARB_texture_env_combine GL_ARB_texture_env_crossbar GL_ARB_texture_env_dot3 GL_ARB_texture_mirrored_repeat GL_ARB_window_pos GL_EXT_stencil_two_side GL_EXT_texture_cube_map GL_NV_depth_clamp GL_NV_fog_distance GL_APPLE_packed_pixels GL_APPLE_vertex_array_object GL_ARB_draw_buffers GL_ARB_fragment_program GL_ARB_fragment_shader GL_ARB_shader_objects GL_ARB_vertex_program GL_ARB_vertex_shader GL_ATI_draw_buffers GL_ATI_texture_env_combine3 GL_ATI_texture_float GL_EXT_shadow_funcs GL_EXT_stencil_wrap GL_MESA_pack_invert GL_NV_primitive_restart GL_ARB_depth_clamp GL_ARB_fragment_program_shadow GL_ARB_half_float_pixel GL_ARB_occlusion_query2 GL_ARB_point_sprite GL_ARB_shading_language_100 GL_ARB_sync GL_ARB_texture_non_power_of_two GL_ARB_vertex_buffer_object GL_ATI_blend_equation_separate GL_EXT_blend_equation_separate GL_OES_read_format GL_ARB_color_buffer_float GL_ARB_pixel_buffer_object GL_ARB_texture_compression_rgtc GL_ARB_texture_float GL_ARB_texture_rectangle GL_ATI_texture_compression_3dc GL_EXT_packed_float GL_EXT_pixel_buffer_object GL_EXT_texture_compression_dxt1 GL_EXT_texture_compression_rgtc GL_EXT_texture_mirror_clamp GL_EXT_texture_rectangle GL_EXT_texture_sRGB GL_EXT_texture_shared_exponent GL_ARB_framebuffer_object GL_EXT_framebuffer_blit GL_EXT_framebuffer_multisample GL_EXT_packed_depth_stencil GL_ARB_vertex_array_object GL_ATI_separate_stencil GL_ATI_texture_mirror_once GL_EXT_draw_buffers2 GL_EXT_draw_instanced GL_EXT_gpu_program_parameters GL_EXT_texture_array GL_EXT_texture_compression_latc GL_EXT_texture_integer GL_EXT_texture_sRGB_decode GL_EXT_timer_query GL_OES_EGL_image GL_MESA_texture_array GL_ARB_copy_buffer GL_ARB_depth_buffer_float GL_ARB_draw_instanced GL_ARB_half_float_vertex GL_ARB_instanced_arrays GL_ARB_map_buffer_range GL_ARB_texture_rg GL_ARB_texture_swizzle GL_ARB_vertex_array_bgra GL_EXT_separate_shader_objects GL_EXT_texture_swizzle GL_EXT_vertex_array_bgra GL_NV_conditional_render GL_AMD_conservative_depth GL_ARB_ES2_compatibility GL_ARB_blend_func_extended GL_ARB_debug_output GL_ARB_draw_elements_base_vertex GL_ARB_explicit_attrib_location GL_ARB_fragment_coord_conventions GL_ARB_provoking_vertex GL_ARB_sampler_objects GL_ARB_shader_texture_lod GL_EXT_provoking_vertex GL_EXT_texture_snorm GL_MESA_texture_signed_rgba GL_NV_texture_barrier GL_ARB_robustness GL_ARB_shader_bit_encoding GL_ARB_timer_query GL_ARB_base_instance GL_ARB_conservative_depth GL_ARB_texture_storage GL_EXT_transform_feedback GL_ARB_invalidate_subdata 
09:30:44: Supported GLX extensions: GLX_ARB_create_context GLX_ARB_create_context_profile GLX_ARB_get_proc_address GLX_ARB_multisample GLX_EXT_import_context GLX_EXT_visual_info GLX_EXT_visual_rating GLX_EXT_create_context_es2_profile GLX_MESA_copy_sub_buffer GLX_MESA_multithread_makecurrent GLX_MESA_swap_control GLX_OML_swap_method GLX_OML_sync_control GLX_SGI_make_current_read GLX_SGI_swap_control GLX_SGI_video_sync GLX_SGIS_multisample GLX_SGIX_fbconfig GLX_SGIX_pbuffer GLX_SGIX_visual_select_group GLX_EXT_texture_from_pixmap GLX_INTEL_swap_event 
09:30:44: ***************************
09:30:44: *** GL Renderer Started ***
09:30:44: ***************************
09:30:44: Registering ResourceManager for type GpuProgram
09:30:44: GLSL support detected
09:30:44: GL: Using GL_EXT_framebuffer_object for rendering to textures (best)
09:30:44: FBO PF_UNKNOWN depth/stencil support: D0S1 D0S4 D0S8 D0S16 D16S0 D24S0 D32S0 Packed-D24S8 
09:30:44: FBO PF_L8 depth/stencil support: D0S0 D0S1 D0S4 D0S8 D0S16 D16S0 D24S0 D32S0 Packed-D24S8 
09:30:44: FBO PF_L16 depth/stencil support: D0S0 D0S1 D0S4 D0S8 D0S16 D16S0 D24S0 D32S0 Packed-D24S8 
09:30:44: FBO PF_A8 depth/stencil support: D0S0 D0S1 D0S4 D0S8 D0S16 D16S0 D24S0 D32S0 Packed-D24S8 
09:30:44: FBO PF_A1R5G5B5 depth/stencil support: D0S0 D0S1 D0S4 D0S8 D0S16 D16S0 D24S0 D32S0 Packed-D24S8 
09:30:44: FBO PF_R8G8B8 depth/stencil support: D0S0 D0S1 D0S4 D0S8 D0S16 D16S0 D24S0 D32S0 Packed-D24S8 
09:30:44: FBO PF_B8G8R8 depth/stencil support: D0S0 D0S1 D0S4 D0S8 D0S16 D16S0 D24S0 D32S0 Packed-D24S8 
09:30:44: FBO PF_A8R8G8B8 depth/stencil support: D0S0 D0S1 D0S4 D0S8 D0S16 D16S0 D24S0 D32S0 Packed-D24S8 
09:30:44: FBO PF_B8G8R8A8 depth/stencil support: D0S0 D0S1 D0S4 D0S8 D0S16 D16S0 D24S0 D32S0 Packed-D24S8 
09:30:44: FBO PF_A2R10G10B10 depth/stencil support: D0S0 D0S1 D0S4 D0S8 D0S16 D16S0 D24S0 D32S0 Packed-D24S8 
09:30:44: FBO PF_A2B10G10R10 depth/stencil support: D0S0 D0S1 D0S4 D0S8 D0S16 D16S0 D24S0 D32S0 Packed-D24S8 
09:30:44: FBO PF_FLOAT16_RGB depth/stencil support: D0S0 D0S1 D0S4 D0S8 D0S16 D16S0 D24S0 D32S0 Packed-D24S8 
09:30:44: FBO PF_FLOAT16_RGBA depth/stencil support: D0S0 D0S1 D0S4 D0S8 D0S16 D16S0 D24S0 D32S0 Packed-D24S8 
09:30:44: FBO PF_FLOAT32_RGB depth/stencil support: D0S0 D0S1 D0S4 D0S8 D0S16 D16S0 D24S0 D32S0 Packed-D24S8 
09:30:44: FBO PF_FLOAT32_RGBA depth/stencil support: D0S0 D0S1 D0S4 D0S8 D0S16 D16S0 D24S0 D32S0 Packed-D24S8 
09:30:44: FBO PF_X8R8G8B8 depth/stencil support: D0S0 D0S1 D0S4 D0S8 D0S16 D16S0 D24S0 D32S0 Packed-D24S8 
09:30:44: FBO PF_X8B8G8R8 depth/stencil support: D0S0 D0S1 D0S4 D0S8 D0S16 D16S0 D24S0 D32S0 Packed-D24S8 
09:30:44: FBO PF_SHORT_RGBA depth/stencil support: D0S0 D0S1 D0S4 D0S8 D0S16 D16S0 D24S0 D32S0 Packed-D24S8 
09:30:44: FBO PF_FLOAT16_R depth/stencil support: D0S0 D0S1 D0S4 D0S8 D0S16 D16S0 D24S0 D32S0 Packed-D24S8 
09:30:44: FBO PF_FLOAT32_R depth/stencil support: D0S0 D0S1 D0S4 D0S8 D0S16 D16S0 D24S0 D32S0 Packed-D24S8 
09:30:44: FBO PF_SHORT_RGB depth/stencil support: D0S0 D0S1 D0S4 D0S8 D0S16 D16S0 D24S0 D32S0 Packed-D24S8 
09:30:44: [GL] : Valid FBO targets PF_UNKNOWN PF_L8 PF_L16 PF_A8 PF_A1R5G5B5 PF_R8G8B8 PF_B8G8R8 PF_A8R8G8B8 PF_B8G8R8A8 PF_A2R10G10B10 PF_A2B10G10R10 PF_FLOAT16_RGB PF_FLOAT16_RGBA PF_FLOAT32_RGB PF_FLOAT32_RGBA PF_X8R8G8B8 PF_X8B8G8R8 PF_SHORT_RGBA PF_FLOAT16_R PF_FLOAT32_R PF_SHORT_RGB 
09:30:44: RenderSystem capabilities
09:30:44: -------------------------
09:30:44: RenderSystem Name: OpenGL Rendering Subsystem
09:30:44: GPU Vendor: unknown
09:30:44: Device Name: Gallium 0.4 on NV92
09:30:44: Driver Version: 3.0.0.0
09:30:44:  * Fixed function pipeline: yes
09:30:44:  * Hardware generation of mipmaps: yes
09:30:44:  * Texture blending: yes
09:30:44:  * Anisotropic texture filtering: yes
09:30:44:  * Dot product texture operation: yes
09:30:44:  * Cube mapping: yes
09:30:44:  * Hardware stencil buffer: yes
09:30:44:    - Stencil depth: 8
09:30:44:    - Two sided stencil support: yes
09:30:44:    - Wrap stencil values: yes
09:30:44:  * Hardware vertex / index buffers: yes
09:30:44:  * Vertex programs: yes
09:30:44:  * Number of floating-point constants for vertex programs: 4096
09:30:44:  * Number of integer constants for vertex programs: 0
09:30:44:  * Number of boolean constants for vertex programs: 0
09:30:44:  * Fragment programs: yes
09:30:44:  * Number of floating-point constants for fragment programs: 4096
09:30:44:  * Number of integer constants for fragment programs: 0
09:30:44:  * Number of boolean constants for fragment programs: 0
09:30:44:  * Geometry programs: no
09:30:44:  * Number of floating-point constants for geometry programs: 0
09:30:44:  * Number of integer constants for geometry programs: 0
09:30:44:  * Number of boolean constants for geometry programs: 0
09:30:44:  * Supported Shader Profiles: arbfp1 arbvp1 glsl
09:30:44:  * Texture Compression: yes
09:30:44:    - DXT: yes
09:30:44:    - VTC: no
09:30:44:    - PVRTC: no
09:30:44:  * Scissor Rectangle: yes
09:30:44:  * Hardware Occlusion Query: yes
09:30:44:  * User clip planes: yes
09:30:44:  * VET_UBYTE4 vertex element type: yes
09:30:44:  * Infinite far plane projection: yes
09:30:44:  * Hardware render-to-texture: yes
09:30:44:  * Floating point textures: yes
09:30:44:  * Non-power-of-two textures: yes
09:30:44:  * Volume textures: yes
09:30:44:  * Multiple Render Targets: 8
09:30:44:    - With different bit depths: yes
09:30:44:  * Point Sprites: yes
09:30:44:  * Extended point parameters: yes
09:30:44:  * Max Point Size: 64
09:30:44:  * Vertex texture fetch: yes
09:30:44:  * Number of world matrices: 0
09:30:44:  * Number of texture units: 16
09:30:44:  * Stencil buffer depth: 8
09:30:44:  * Number of vertex blend matrices: 0
09:30:44:    - Max vertex textures: 16
09:30:44:    - Vertex textures shared: yes
09:30:44:  * Render to Vertex Buffer : no
09:30:44:  * GL 1.5 without VBO workaround: no
09:30:44:  * Frame Buffer objects: yes
09:30:44:  * Frame Buffer objects (ARB extension): no
09:30:44:  * Frame Buffer objects (ATI extension): no
09:30:44:  * PBuffer support: yes
09:30:44:  * GL 1.5 without HW-occlusion workaround: no
09:30:44: Registering ResourceManager for type Texture
09:30:44: DefaultWorkQueue('Root') initialising on thread 0xae00a28.
09:30:44: Particle Renderer Type 'billboard' registered
09:30:44: SceneManagerFactory for type 'OctreeSceneManager' registered.
09:30:44: SceneManagerFactory for type 'TerrainSceneManager' registered.
09:30:44: DefaultWorkQueue('Root')::WorkerFunc - thread 0xaf33b48 starting.
09:30:44: DefaultWorkQueue('Root')::WorkerFunc - thread 0xaee2ad0 starting.
09:30:44: Creating resource group rviz
09:30:44: Added resource location '/opt/ros/hydro/share/rviz/ogre_media' of type 'FileSystem' to resource group 'rviz'
09:30:44: Added resource location '/opt/ros/hydro/share/rviz/ogre_media/textures' of type 'FileSystem' to resource group 'rviz'
09:30:44: Added resource location '/opt/ros/hydro/share/rviz/ogre_media/fonts' of type 'FileSystem' to resource group 'rviz'
09:30:44: Added resource location '/opt/ros/hydro/share/rviz/ogre_media/models' of type 'FileSystem' to resource group 'rviz'
09:30:44: Added resource location '/opt/ros/hydro/share/rviz/ogre_media/materials' of type 'FileSystem' to resource group 'rviz'
09:30:44: Added resource location '/opt/ros/hydro/share/rviz/ogre_media/materials/scripts' of type 'FileSystem' to resource group 'rviz'
09:30:44: Added resource location '/opt/ros/hydro/share/rviz/ogre_media/materials/glsl120' of type 'FileSystem' to resource group 'rviz'
09:30:44: Added resource location '/opt/ros/hydro/share/rviz/ogre_media/materials/glsl120/nogp' of type 'FileSystem' to resource group 'rviz'
09:30:44: Added resource location '/opt/ros/hydro/share/rviz/ogre_media/materials/scripts120' of type 'FileSystem' to resource group 'rviz'
09:30:44: Parsing scripts for resource group Autodetect
09:30:44: Finished parsing scripts for resource group Autodetect
09:30:44: Parsing scripts for resource group General
09:30:44: Finished parsing scripts for resource group General
09:30:44: Parsing scripts for resource group Internal
09:30:44: Finished parsing scripts for resource group Internal
09:30:44: Parsing scripts for resource group rviz
09:30:44: Parsing script glsl120.program
09:30:44: GLSL compiled : rviz/glsl120/include/pack_depth.frag
09:30:44: GLSL compiled : rviz/glsl120/include/circle_impl.frag
09:30:44: GLSL compiled : rviz/glsl120/depth_circle.frag
09:30:44: GLSL compiled : rviz/glsl120/include/pack_depth.frag
09:30:44: GLSL compiled : rviz/glsl120/depth.frag
09:30:44: GLSL compiled : rviz/glsl120/include/pass_depth.vert
09:30:44: GLSL compiled : rviz/glsl120/depth.vert
09:30:44: GLSL compiled : rviz/glsl120/flat_color.frag
09:30:44: GLSL compiled : rviz/glsl120/include/circle_impl.frag
09:30:44: GLSL compiled : rviz/glsl120/flat_color_circle.frag
09:30:44: GLSL compiled : rviz/glsl120/indexed_8bit_image.frag
09:30:44: GLSL compiled : rviz/glsl120/include/circle_impl.frag
09:30:44: GLSL compiled : rviz/glsl120/include/circle_impl.frag
09:30:44: GLSL compiled : rviz/glsl120/pickcolor_circle.frag
09:30:44: GLSL compiled : rviz/glsl120/pickcolor.frag
09:30:44: GLSL compiled : rviz/glsl120/point.vert
09:30:44: GLSL compiled : rviz/glsl120/include/pass_depth.vert
09:30:44: GLSL compiled : rviz/glsl120/point.vert(with_depth)
09:30:44: GLSL compiled : rviz/glsl120/shaded_circle.frag
09:30:44: GLSL compiled : rviz/glsl120/smooth_square.frag
09:30:44: Parsing script nogp.program
09:30:44: GLSL compiled : rviz/glsl120/nogp/billboard_tile.vert
09:30:44: GLSL compiled : rviz/glsl120/include/pass_depth.vert
09:30:44: GLSL compiled : rviz/glsl120/nogp/billboard_tile.vert(with_depth)
09:30:44: GLSL compiled : rviz/glsl120/nogp/billboard.vert
09:30:44: GLSL compiled : rviz/glsl120/include/pass_depth.vert
09:30:44: GLSL compiled : rviz/glsl120/nogp/billboard.vert(with_depth)
09:30:44: GLSL compiled : rviz/glsl120/nogp/box.vert
09:30:44: GLSL compiled : rviz/glsl120/include/pass_depth.vert
09:30:44: GLSL compiled : rviz/glsl120/nogp/box.vert(with_depth)
09:30:44: GLSL compiled : rviz/glsl120/nogp/box.frag
09:30:44: Parsing script default_pick_and_depth.material
09:30:44: GLSL compiled : rviz/glsl120/black.frag
09:30:44: Parsing script indexed_8bit_image.material
09:30:44: GLSL compiled : rviz/glsl120/indexed_8bit_image.vert
09:30:44: Parsing script point_cloud_tile.material
09:30:44: GLSL compiled : rviz/glsl120/pass_color.frag
09:30:44: Parsing script point_cloud_point.material
09:30:44: GLSL compiled : rviz/glsl120/pass_color_circle.frag
09:30:44: Parsing script point_cloud_flat_square.material
09:30:44: Parsing script point_cloud_square.material
09:30:44: Parsing script point_cloud_box.material
09:30:44: Parsing script point_cloud_sphere.material
09:30:44: Parsing script arial.fontdef
09:30:44: Finished parsing scripts for resource group rviz
09:30:44: GLRenderSystem::_createRenderWindow "OgreWindow(1)", 100x30 windowed  miscParams: externalGLControl= macAPI=carbon parentWindowHandle=62914599 
09:30:44: GLXWindow::create used FBConfigID = 206
09:30:45: Mesh: Loading rviz_sphere.mesh.
09:30:45: Texture: SelectionRect0Texture: Loading 1 faces(PF_R8G8B8A8,1x1x1) with  hardware generated mipmaps from Image. Internal format is PF_A8R8G8B8,1x1x1.
09:30:45: Mesh: Loading rviz_cylinder.mesh.
09:30:45: Mesh: Loading rviz_cone.mesh.
09:30:48: GLSL link result : 
