This is pdfTeX, Version 3.1415926-2.5-1.40.14 (TeX Live 2013/Debian) (format=pdflatex 2014.5.6)  7 MAY 2014 01:49
entering extended mode
 restricted \write18 enabled.
 %&-line parsing enabled.
**Roslyn.tex
(./Roslyn.tex
LaTeX2e <2011/06/27>
Babel <3.9h> and hyphenation patterns for 2 languages loaded.
(/usr/share/texlive/texmf-dist/tex/latex/base/report.cls
Document Class: report 2007/10/19 v1.4h Standard LaTeX document class
(/usr/share/texlive/texmf-dist/tex/latex/base/size11.clo
File: size11.clo 2007/10/19 v1.4h Standard LaTeX file (size option)
)
\c@part=\count79
\c@chapter=\count80
\c@section=\count81
\c@subsection=\count82
\c@subsubsection=\count83
\c@paragraph=\count84
\c@subparagraph=\count85
\c@figure=\count86
\c@table=\count87
\abovecaptionskip=\skip41
\belowcaptionskip=\skip42
\bibindent=\dimen102
)
(/usr/share/texlive/texmf-dist/tex/latex/tools/longtable.sty
Package: longtable 2004/02/01 v4.11 Multi-page Table package (DPC)
\LTleft=\skip43
\LTright=\skip44
\LTpre=\skip45
\LTpost=\skip46
\LTchunksize=\count88
\LTcapwidth=\dimen103
\LT@head=\box26
\LT@firsthead=\box27
\LT@foot=\box28
\LT@lastfoot=\box29
\LT@cols=\count89
\LT@rows=\count90
\c@LT@tables=\count91
\c@LT@chunks=\count92
\LT@p@ftn=\toks14
)
(/usr/share/texlive/texmf-dist/tex/latex/graphics/epsfig.sty
Package: epsfig 1999/02/16 v1.7a (e)psfig emulation (SPQR)

(/usr/share/texlive/texmf-dist/tex/latex/graphics/graphicx.sty
Package: graphicx 1999/02/16 v1.0f Enhanced LaTeX Graphics (DPC,SPQR)

(/usr/share/texlive/texmf-dist/tex/latex/graphics/keyval.sty
Package: keyval 1999/03/16 v1.13 key=value parser (DPC)
\KV@toks@=\toks15
)
(/usr/share/texlive/texmf-dist/tex/latex/graphics/graphics.sty
Package: graphics 2009/02/05 v1.0o Standard LaTeX Graphics (DPC,SPQR)

(/usr/share/texlive/texmf-dist/tex/latex/graphics/trig.sty
Package: trig 1999/03/16 v1.09 sin cos tan (DPC)
)
(/usr/share/texlive/texmf-dist/tex/latex/latexconfig/graphics.cfg
File: graphics.cfg 2010/04/23 v1.9 graphics configuration of TeX Live
)
Package graphics Info: Driver file: pdftex.def on input line 91.

(/usr/share/texlive/texmf-dist/tex/latex/pdftex-def/pdftex.def
File: pdftex.def 2011/05/27 v0.06d Graphics/color for pdfTeX

(/usr/share/texlive/texmf-dist/tex/generic/oberdiek/infwarerr.sty
Package: infwarerr 2010/04/08 v1.3 Providing info/warning/error messages (HO)
)
(/usr/share/texlive/texmf-dist/tex/generic/oberdiek/ltxcmds.sty
Package: ltxcmds 2011/11/09 v1.22 LaTeX kernel commands for general use (HO)
)
\Gread@gobject=\count93
))
\Gin@req@height=\dimen104
\Gin@req@width=\dimen105
)
\epsfxsize=\dimen106
\epsfysize=\dimen107
)
(./USCthesis2004.sty
Package: USCthesis2004 2004/06/15 v1.0

USCthesis style v1.0
)
\c@definition=\count94
\c@theorem=\count95
\c@remark=\count96
 (./Roslyn.aux)
\openout1 = `Roslyn.aux'.

LaTeX Font Info:    Checking defaults for OML/cmm/m/it on input line 73.
LaTeX Font Info:    ... okay on input line 73.
LaTeX Font Info:    Checking defaults for T1/cmr/m/n on input line 73.
LaTeX Font Info:    ... okay on input line 73.
LaTeX Font Info:    Checking defaults for OT1/cmr/m/n on input line 73.
LaTeX Font Info:    ... okay on input line 73.
LaTeX Font Info:    Checking defaults for OMS/cmsy/m/n on input line 73.
LaTeX Font Info:    ... okay on input line 73.
LaTeX Font Info:    Checking defaults for OMX/cmex/m/n on input line 73.
LaTeX Font Info:    ... okay on input line 73.
LaTeX Font Info:    Checking defaults for U/cmr/m/n on input line 73.
LaTeX Font Info:    ... okay on input line 73.
 (/usr/share/texlive/texmf-dist/tex/context/base/supp-pdf.mkii
[Loading MPS to PDF converter (version 2006.09.02).]
\scratchcounter=\count97
\scratchdimen=\dimen108
\scratchbox=\box30
\nofMPsegments=\count98
\nofMParguments=\count99
\everyMPshowfont=\toks16
\MPscratchCnt=\count100
\MPscratchDim=\dimen109
\MPnumerator=\count101
\makeMPintoPDFobject=\count102
\everyMPtoPDFconversion=\toks17
) (/usr/share/texlive/texmf-dist/tex/generic/oberdiek/pdftexcmds.sty
Package: pdftexcmds 2011/11/29 v0.20 Utility functions of pdfTeX for LuaTeX (HO
)

(/usr/share/texlive/texmf-dist/tex/generic/oberdiek/ifluatex.sty
Package: ifluatex 2010/03/01 v1.3 Provides the ifluatex switch (HO)
Package ifluatex Info: LuaTeX not detected.
)
(/usr/share/texlive/texmf-dist/tex/generic/oberdiek/ifpdf.sty
Package: ifpdf 2011/01/30 v2.3 Provides the ifpdf switch (HO)
Package ifpdf Info: pdfTeX in PDF mode is detected.
)
Package pdftexcmds Info: LuaTeX not detected.
Package pdftexcmds Info: \pdf@primitive is available.
Package pdftexcmds Info: \pdf@ifprimitive is available.
Package pdftexcmds Info: \pdfdraftmode found.
)
(/usr/share/texlive/texmf-dist/tex/latex/oberdiek/epstopdf-base.sty
Package: epstopdf-base 2010/02/09 v2.5 Base part for package epstopdf

(/usr/share/texlive/texmf-dist/tex/latex/oberdiek/grfext.sty
Package: grfext 2010/08/19 v1.1 Manage graphics extensions (HO)

(/usr/share/texlive/texmf-dist/tex/generic/oberdiek/kvdefinekeys.sty
Package: kvdefinekeys 2011/04/07 v1.3 Define keys (HO)
))
(/usr/share/texlive/texmf-dist/tex/latex/oberdiek/kvoptions.sty
Package: kvoptions 2011/06/30 v3.11 Key value format for package options (HO)

(/usr/share/texlive/texmf-dist/tex/generic/oberdiek/kvsetkeys.sty
Package: kvsetkeys 2012/04/25 v1.16 Key value parser (HO)

(/usr/share/texlive/texmf-dist/tex/generic/oberdiek/etexcmds.sty
Package: etexcmds 2011/02/16 v1.5 Avoid name clashes with e-TeX commands (HO)
Package etexcmds Info: Could not find \expanded.
(etexcmds)             That can mean that you are not using pdfTeX 1.50 or
(etexcmds)             that some package has redefined \expanded.
(etexcmds)             In the latter case, load this package earlier.
)))
Package grfext Info: Graphics extension search list:
(grfext)             [.png,.pdf,.jpg,.mps,.jpeg,.jbig2,.jb2,.PNG,.PDF,.JPG,.JPE
G,.JBIG2,.JB2,.eps]
(grfext)             \AppendGraphicsExtensions on input line 452.

(/usr/share/texlive/texmf-dist/tex/latex/latexconfig/epstopdf-sys.cfg
File: epstopdf-sys.cfg 2010/07/13 v1.3 Configuration of (r)epstopdf for TeX Liv
e
))
[1

{/var/lib/texmf/fonts/map/pdftex/updmap/pdftex.map}]
Missing character: There is no ‚ in font cmr10!
Missing character: There is no Ä in font cmr10!
Missing character: There is no ô in font cmr10!
 [2] (./Roslyn.toc
LaTeX Font Info:    External font `cmex10' loaded for size
(Font)              <10.95> on input line 3.
LaTeX Font Info:    External font `cmex10' loaded for size
(Font)              <8> on input line 3.
LaTeX Font Info:    External font `cmex10' loaded for size
(Font)              <6> on input line 3.
)
\tf@toc=\write3
\openout3 = `Roslyn.toc'.


[3

] (./Roslyn.lot)
\tf@lot=\write4
\openout4 = `Roslyn.lot'.

 [4

] (./Roslyn.lof)
\tf@lof=\write5
\openout5 = `Roslyn.lof'.

 [5

] [6]
Chapter I.
LaTeX Font Info:    Try loading font information for OMS+cmr on input line 140.

(/usr/share/texlive/texmf-dist/tex/latex/base/omscmr.fd
File: omscmr.fd 1999/05/25 v2.5h Standard LaTeX font definitions
)
LaTeX Font Info:    Font shape `OMS/cmr/m/n' in size <10.95> not available
(Font)              Font shape `OMS/cmsy/m/n' tried instead on input line 140.
 [1

]
Missing character: There is no ‚ in font cmr10!
Missing character: There is no Ä in font cmr10!
Missing character: There is no ô in font cmr10!
Missing character: There is no ‚ in font cmr10!
Missing character: There is no Ä in font cmr10!
Missing character: There is no ô in font cmr10!
Missing character: There is no ‚ in font cmr10!
Missing character: There is no Ä in font cmr10!
Missing character: There is no ô in font cmr10!
 [2] [3]
Missing character: There is no ¬ in font cmr10!
Missing character: There is no Æ in font cmr10!
Missing character: There is no ‚ in font cmr10!
Missing character: There is no Ñ in font cmr10!
Missing character: There is no ¢ in font cmr10!
 [4]
Missing character: There is no ‚ in font cmr10!
Missing character: There is no Ä in font cmr10!
Missing character: There is no ô in font cmr10!

[5]
Missing character: There is no ‚ in font cmr10!
Missing character: There is no Ä in font cmr10!
Missing character: There is no ô in font cmr10!

Overfull \hbox (12.32986pt too wide) in alignment at lines 203--208
 [] [] 
 []


Overfull \hbox (12.32986pt too wide) in alignment at lines 208--213
 [] [] 
 []


Overfull \hbox (12.32986pt too wide) in alignment at lines 213--216
 [] [] 
 []


Overfull \hbox (12.32986pt too wide) in alignment at lines 216--218
 [] [] 
 []


Overfull \hbox (12.32986pt too wide) in alignment at lines 218--239
 [] [] 
 []


Overfull \hbox (12.32986pt too wide) in alignment at lines 239--242
 [] [] 
 []

[6] [7]
Overfull \hbox (12.32986pt too wide) in alignment at lines 246--251
 [] [] 
 []


Overfull \hbox (12.32986pt too wide) in alignment at lines 251--256
 [] [] 
 []


Overfull \hbox (12.32986pt too wide) in alignment at lines 256--259
 [] [] 
 []


Overfull \hbox (12.32986pt too wide) in alignment at lines 259--261
 [] [] 
 []


Overfull \hbox (12.32986pt too wide) in alignment at lines 261--275
 [] [] 
 []

[8] [9]
Overfull \hbox (12.32986pt too wide) in alignment at lines 278--283
 [] [] 
 []


Overfull \hbox (12.32986pt too wide) in alignment at lines 283--288
 [] [] 
 []


Overfull \hbox (12.32986pt too wide) in alignment at lines 288--291
 [] [] 
 []


Overfull \hbox (12.32986pt too wide) in alignment at lines 291--293
 [] [] 
 []

Missing character: There is no ‚ in font cmr10!
Missing character: There is no Ä in font cmr10!
Missing character: There is no ô in font cmr10!

Overfull \hbox (12.32986pt too wide) in alignment at lines 293--305
 [] [] 
 []

[10] [11]
Overfull \hbox (12.32246pt too wide) in alignment at lines 309--314
 [] [] [] 
 []


Overfull \hbox (12.32246pt too wide) in alignment at lines 314--319
 [] [] [] 
 []


Overfull \hbox (12.32246pt too wide) in alignment at lines 319--322
 [] [] [] 
 []


Overfull \hbox (12.32246pt too wide) in alignment at lines 322--324
 [] [] [] 
 []


Overfull \hbox (1.46356pt too wide) in paragraph at lines 325--325
[]|\OT1/cmr/m/n/10.95 UC01| 
 []


Overfull \hbox (1.46356pt too wide) in paragraph at lines 326--326
[]|\OT1/cmr/m/n/10.95 UC02| 
 []


Overfull \hbox (1.46356pt too wide) in paragraph at lines 327--327
[]|\OT1/cmr/m/n/10.95 UC03| 
 []


Overfull \hbox (1.46356pt too wide) in paragraph at lines 328--328
[]|\OT1/cmr/m/n/10.95 UC04| 
 []


Overfull \hbox (1.46356pt too wide) in paragraph at lines 329--329
[]|\OT1/cmr/m/n/10.95 UC05| 
 []


Overfull \hbox (1.46356pt too wide) in paragraph at lines 330--330
[]|\OT1/cmr/m/n/10.95 UC06| 
 []

Missing character: There is no ‚ in font cmr10!
Missing character: There is no Ä in font cmr10!
Missing character: There is no ô in font cmr10!

Overfull \hbox (1.46356pt too wide) in paragraph at lines 331--331
[]|\OT1/cmr/m/n/10.95 UC07| 
 []


Overfull \hbox (1.46356pt too wide) in paragraph at lines 332--332
[]|\OT1/cmr/m/n/10.95 UC08| 
 []


Overfull \hbox (12.32246pt too wide) in alignment at lines 324--333
 [] [] [] 
 []

[12] [13] [14]
Missing character: There is no ‚ in font cmr10!
Missing character: There is no Ä in font cmr10!
Missing character: There is no ú in font cmr10!
Missing character: There is no ‚ in font cmr10!
Missing character: There is no Ä in font cmr10!
Missing character: There is no ù in font cmr10!
 <system_class_overview.pdf, id=71, 435.6275pt x 291.0875pt>
File: system_class_overview.pdf Graphic file (type pdf)

<use system_class_overview.pdf>
Package pdftex.def Info: system_class_overview.pdf used on input line 405.
(pdftex.def)             Requested size: 318.1684pt x 212.5987pt.
Missing character: There is no ‚ in font cmr10!
Missing character: There is no Ä in font cmr10!
Missing character: There is no ô in font cmr10!

<social_navigation.pdf, id=72, 611.28375pt x 492.84125pt>
File: social_navigation.pdf Graphic file (type pdf)

<use social_navigation.pdf>
Package pdftex.def Info: social_navigation.pdf used on input line 413.
(pdftex.def)             Requested size: 318.1684pt x 256.51956pt.

<user_interface.pdf, id=73, 614.295pt x 466.74374pt>
File: user_interface.pdf Graphic file (type pdf)
 <use user_interface.pdf>
Package pdftex.def Info: user_interface.pdf used on input line 421.
(pdftex.def)             Requested size: 318.1684pt x 241.74667pt.

<activity_diagram.pdf, id=74, 516.93124pt x 543.02875pt>
File: activity_diagram.pdf Graphic file (type pdf)

<use activity_diagram.pdf>
Package pdftex.def Info: activity_diagram.pdf used on input line 430.
(pdftex.def)             Requested size: 318.1684pt x 334.24655pt.
 [15]
<Low_level_message_passing_diagram.pdf, id=78, 585.18625pt x 607.26875pt>
File: Low_level_message_passing_diagram.pdf Graphic file (type pdf)

<use Low_level_message_passing_diagram.pdf>
Package pdftex.def Info: Low_level_message_passing_diagram.pdf used on input li
ne 441.
(pdftex.def)             Requested size: 318.1684pt x 330.19046pt.

<processing_nav_statechart.pdf, id=79, 419.5675pt x 412.54124pt>
File: processing_nav_statechart.pdf Graphic file (type pdf)

<use processing_nav_statechart.pdf>
Package pdftex.def Info: processing_nav_statechart.pdf used on input line 449.
(pdftex.def)             Requested size: 318.1684pt x 312.84216pt.

<user_interface_statechart.pdf, id=80, 702.625pt x 548.0475pt>
File: user_interface_statechart.pdf Graphic file (type pdf)

<use user_interface_statechart.pdf>
Package pdftex.def Info: user_interface_statechart.pdf used on input line 457.
(pdftex.def)             Requested size: 318.1684pt x 248.17451pt.
Missing character: There is no ‚ in font cmr10!
Missing character: There is no Ä in font cmr10!
Missing character: There is no ú in font cmr10!
Missing character: There is no ‚ in font cmr10!
Missing character: There is no Ä in font cmr10!
Missing character: There is no ù in font cmr10!
 [16]
Missing character: There is no ‚ in font cmr10!
Missing character: There is no Ä in font cmr10!
Missing character: There is no ú in font cmr10!
Missing character: There is no ‚ in font cmr10!
Missing character: There is no Ä in font cmr10!
Missing character: There is no ù in font cmr10!
Missing character: There is no ‚ in font cmr10!
Missing character: There is no Ä in font cmr10!
Missing character: There is no ú in font cmr10!
Missing character: There is no ‚ in font cmr10!
Missing character: There is no Ä in font cmr10!
Missing character: There is no ù in font cmr10!
 <ui1.png, id=84, 1927.2pt x 1204.5pt>
File: ui1.png Graphic file (type png)

<use ui1.png>
Package pdftex.def Info: ui1.png used on input line 484.
(pdftex.def)             Requested size: 318.1684pt x 198.8442pt.
 <ui2.png, id=85, 2006.49625pt x 1108.14pt>
File: ui2.png Graphic file (type png)
 <use ui2.png>
Package pdftex.def Info: ui2.png used on input line 490.
(pdftex.def)             Requested size: 318.1684pt x 175.71658pt.

<ui3.png, id=87, 2006.49625pt x 1109.14375pt>
File: ui3.png Graphic file (type png)
 <use ui3.png>
Package pdftex.def Info: ui3.png used on input line 496.
(pdftex.def)             Requested size: 318.1684pt x 175.87575pt.

<ui4.png, id=88, 2006.49625pt x 1114.1625pt>
File: ui4.png Graphic file (type png)
 <use ui4.png>
Package pdftex.def Info: ui4.png used on input line 502.
(pdftex.def)             Requested size: 318.1684pt x 176.67157pt.

<ui5.png, id=89, 2006.49625pt x 1112.155pt>
File: ui5.png Graphic file (type png)
 <use ui5.png>
Package pdftex.def Info: ui5.png used on input line 508.
(pdftex.def)             Requested size: 318.1684pt x 176.35324pt.

<ui6.png, id=90, 2006.49625pt x 1112.155pt>
File: ui6.png Graphic file (type png)
 <use ui6.png>
Package pdftex.def Info: ui6.png used on input line 514.
(pdftex.def)             Requested size: 318.1684pt x 176.35324pt.

<ui7.png, id=91, 1927.2pt x 1204.5pt>
File: ui7.png Graphic file (type png)
 <use ui7.png>
Package pdftex.def Info: ui7.png used on input line 520.
(pdftex.def)             Requested size: 318.1684pt x 198.8442pt.

<ui8.png, id=92, 2006.49625pt x 1114.1625pt>
File: ui8.png Graphic file (type png)
 <use ui8.png>
Package pdftex.def Info: ui8.png used on input line 526.
(pdftex.def)             Requested size: 318.1684pt x 176.67157pt.
Missing character: There is no ‚ in font cmr10!
Missing character: There is no Ä in font cmr10!
Missing character: There is no ô in font cmr10!
Missing character: There is no ‚ in font cmr10!
Missing character: There is no Ä in font cmr10!
Missing character: There is no ô in font cmr10!
Missing character: There is no ‚ in font cmr10!
Missing character: There is no Ä in font cmr10!
Missing character: There is no ô in font cmr10!
Missing character: There is no ‚ in font cmr10!
Missing character: There is no Ä in font cmr10!
Missing character: There is no ô in font cmr10!
 [17]
Underfull \hbox (badness 10000) in paragraph at lines 569--569
[]|\OT1/cmr/m/n/10.95 Simultaneous
 []


Underfull \hbox (badness 3229) in paragraph at lines 569--569
\OT1/cmr/m/n/10.95 Lo-cal-iza-tion and
 []

Missing character: There is no ‚ in font cmr10!
Missing character: There is no Ä in font cmr10!
Missing character: There is no ô in font cmr10!
Missing character: There is no ‚ in font cmr10!
Missing character: There is no Ä in font cmr10!
Missing character: There is no ô in font cmr10!
Missing character: There is no ‚ in font cmr10!
Missing character: There is no Ä in font cmr10!
Missing character: There is no ô in font cmr10!
[18] [19] [20] [21] [22 <./system_class_overview.pdf> <./social_navigation.pdf

pdfTeX warning: /usr/bin/pdflatex (file ./social_navigation.pdf): PDF inclusion
: multiple pdfs with page group included in a single page
>] [23 <./user_interface.pdf>] [24 <./activity_diagram.pdf>] [25 <./Low_level_m
essage_passing_diagram.pdf>] [26 <./processing_nav_statechart.pdf>] [27 <./user
_interface_statechart.pdf> <./ui1.png>] [28 <./ui2.png> <./ui3.png>] [29 <./ui4
.png> <./ui5.png>] [30 <./ui6.png> <./ui7.png>] [31 <./ui8.png>] [32

]
(./Roslyn.aux) ) 
Here is how much of TeX's memory you used:
 1814 strings out of 495028
 25803 string characters out of 6181498
 115446 words of memory out of 5000000
 4997 multiletter control sequences out of 15000+600000
 8960 words of font info for 32 fonts, out of 8000000 for 9000
 14 hyphenation exceptions out of 8191
 37i,6n,23p,1133b,224s stack positions out of 5000i,500n,10000p,200000b,80000s
</usr/share/texlive/texmf-dist/fonts/type1/public/amsfonts/cm/c
mbx10.pfb></usr/share/texlive/texmf-dist/fonts/type1/public/amsfonts/cm/cmbx12.
pfb></usr/share/texlive/texmf-dist/fonts/type1/public/amsfonts/cm/cmmi10.pfb></
usr/share/texlive/texmf-dist/fonts/type1/public/amsfonts/cm/cmr10.pfb></usr/sha
re/texlive/texmf-dist/fonts/type1/public/amsfonts/cm/cmr12.pfb></usr/share/texl
ive/texmf-dist/fonts/type1/public/amsfonts/cm/cmr8.pfb></usr/share/texlive/texm
f-dist/fonts/type1/public/amsfonts/cm/cmsy10.pfb></usr/share/texlive/texmf-dist
/fonts/type1/public/amsfonts/cm/cmtt10.pfb>
Output written on Roslyn.pdf (38 pages, 9611589 bytes).
PDF statistics:
 282 PDF objects out of 1000 (max. 8388607)
 187 compressed objects within 2 object streams
 0 named destinations out of 1000 (max. 500000)
 76 words of extra memory for PDF output out of 10000 (max. 10000000)

